#
# There is insufficient memory for the Java Runtime Environment to continue.
# Native memory allocation (malloc) failed to allocate 1194176 bytes for Chunk::new
# Possible reasons:
#   The system is out of physical RAM or swap space
#   The process is running with CompressedOops enabled, and the Java Heap may be blocking the growth of the native heap
# Possible solutions:
#   Reduce memory load on the system
#   Increase physical memory or swap space
#   Check if swap backing store is full
#   Decrease Java heap size (-Xmx/-Xms)
#   Decrease number of Java threads
#   Decrease Java thread stack sizes (-Xss)
#   Set larger code cache with -XX:ReservedCodeCacheSize=
#   JVM is running with Unscaled Compressed Oops mode in which the Java heap is
#     placed in the first 4GB address space. The Java Heap base address is the
#     maximum limit for the native heap growth. Please use -XX:HeapBaseMinAddress
#     to set the Java Heap base and to place the Java Heap above 4GB virtual address.
# This output file may be truncated or incomplete.
#
#  Out of Memory Error (t:/workspace/open/src/hotspot/share/memory/arena.cpp:198), pid=7944, tid=12032
#
# JRE version: Java(TM) SE Runtime Environment (10.0.2+13) (build 10.0.2+13)
# Java VM: Java HotSpot(TM) 64-Bit Server VM (10.0.2+13, mixed mode, tiered, compressed oops, g1 gc, windows-amd64)
# No core dump will be written. Minidumps are not enabled by default on client versions of Windows
#

---------------  S U M M A R Y ------------

Command Line: -agentlib:jdwp=transport=dt_socket,suspend=y,address=localhost:52497 -javaagent:C:\Users\Cassiano\Downloads\spring-tool-suite-3.9.5.RELEASE-e4.8.0-win32-x86_64\sts-bundle\sts-3.9.5.RELEASE\configuration\org.eclipse.osgi\316\0\.cp\lib\javaagent-shaded.jar -Dfile.encoding=UTF-8 br.com.castgroup.diff.DiffApplication

Host: Intel(R) Core(TM) i7-8550U CPU @ 1.80GHz, 8 cores, 7G,  Windows 10 , 64 bit Build 17763 (10.0.17763.379)
Time: Sat Mar 16 23:30:39 2019 Hora oficial do Brasil elapsed time: 6 seconds (0d 0h 0m 6s)

---------------  T H R E A D  ---------------

Current thread (0x0000021ce9047000):  JavaThread "C2 CompilerThread0" daemon [_thread_in_native, id=12032, stack(0x0000008fea600000,0x0000008fea700000)]


Current CompileTask:
C2:   6864 4140       4       org.eclipse.jdt.launching.internal.org.objectweb.asm.MethodWriter::visitFrame (706 bytes)

Stack: [0x0000008fea600000,0x0000008fea700000]
Native frames: (J=compiled Java code, j=interpreted, Vv=VM code, C=native code)
V  [jvm.dll+0x5a01a9]
V  [jvm.dll+0x6bcf31]
V  [jvm.dll+0x6be126]
V  [jvm.dll+0x6be7b3]
V  [jvm.dll+0x234978]
V  [jvm.dll+0xbb69c]
V  [jvm.dll+0xbbbac]
V  [jvm.dll+0x2a68e4]
V  [jvm.dll+0x4bf92a]
V  [jvm.dll+0x201949]
V  [jvm.dll+0x1ff0a1]
V  [jvm.dll+0x17c94b]
V  [jvm.dll+0x20c8dd]
V  [jvm.dll+0x20b6a6]
V  [jvm.dll+0x68b7ff]
V  [jvm.dll+0x59f4b0]
C  [msvcr120.dll+0x24f7f]
C  [msvcr120.dll+0x25126]
C  [KERNEL32.DLL+0x181f4]
C  [ntdll.dll+0x6a251]


---------------  P R O C E S S  ---------------

Threads class SMR info:
_java_thread_list=0x0000021ced364e50, length=17, elements={
0x0000021cc6adf800, 0x0000021ce86c6000, 0x0000021ce86cf000, 0x0000021ce86de000,
0x0000021ce9038800, 0x0000021ce9047000, 0x0000021ce906b000, 0x0000021ce906c000,
0x0000021ce9074800, 0x0000021ce909f800, 0x0000021ce94fc800, 0x0000021ce970c800,
0x0000021ce976f000, 0x0000021ce9339000, 0x0000021ce9339800, 0x0000021ce9335000,
0x0000021ce933b000
}

Java Threads: ( => current thread )
  0x0000021cc6adf800 JavaThread "main" [_thread_blocked, id=13288, stack(0x0000008fe8c00000,0x0000008fe8d00000)]
  0x0000021ce86c6000 JavaThread "Reference Handler" daemon [_thread_blocked, id=20220, stack(0x0000008fea200000,0x0000008fea300000)]
  0x0000021ce86cf000 JavaThread "Finalizer" daemon [_thread_blocked, id=2940, stack(0x0000008fea300000,0x0000008fea400000)]
  0x0000021ce86de000 JavaThread "Signal Dispatcher" daemon [_thread_blocked, id=17768, stack(0x0000008fea400000,0x0000008fea500000)]
  0x0000021ce9038800 JavaThread "Attach Listener" daemon [_thread_blocked, id=12292, stack(0x0000008fea500000,0x0000008fea600000)]
=>0x0000021ce9047000 JavaThread "C2 CompilerThread0" daemon [_thread_in_native, id=12032, stack(0x0000008fea600000,0x0000008fea700000)]
  0x0000021ce906b000 JavaThread "C2 CompilerThread1" daemon [_thread_in_native, id=18208, stack(0x0000008fea700000,0x0000008fea800000)]
  0x0000021ce906c000 JavaThread "C2 CompilerThread2" daemon [_thread_in_native, id=8224, stack(0x0000008fea800000,0x0000008fea900000)]
  0x0000021ce9074800 JavaThread "C1 CompilerThread3" daemon [_thread_blocked, id=14720, stack(0x0000008fea900000,0x0000008feaa00000)]
  0x0000021ce909f800 JavaThread "Sweeper thread" daemon [_thread_blocked, id=1472, stack(0x0000008feaa00000,0x0000008feab00000)]
  0x0000021ce94fc800 JavaThread "JDWP Transport Listener: dt_socket" daemon [_thread_blocked, id=8356, stack(0x0000008feab00000,0x0000008feac00000)]
  0x0000021ce970c800 JavaThread "JDWP Event Helper Thread" daemon [_thread_blocked, id=21044, stack(0x0000008feac00000,0x0000008fead00000)]
  0x0000021ce976f000 JavaThread "JDWP Command Reader" daemon [_thread_in_native, id=21444, stack(0x0000008fead00000,0x0000008feae00000)]
  0x0000021ce9339000 JavaThread "Common-Cleaner" daemon [_thread_blocked, id=3148, stack(0x0000008feae00000,0x0000008feaf00000)]
  0x0000021ce9339800 JavaThread "Service Thread" daemon [_thread_blocked, id=10300, stack(0x0000008feaf00000,0x0000008feb000000)]
  0x0000021ce9335000 JavaThread "Thread-0" [_thread_blocked, id=21492, stack(0x0000008feb100000,0x0000008feb200000)]
  0x0000021ce933b000 JavaThread "restartedMain" [_thread_in_native, id=19396, stack(0x0000008feb200000,0x0000008feb300000)]

Other Threads:
  0x0000021ce86c1800 VMThread "VM Thread" [stack: 0x0000008fea100000,0x0000008fea200000] [id=2032]
  0x0000021ce9c23800 WatcherThread [stack: 0x0000008feb000000,0x0000008feb100000] [id=16092]
  0x0000021cc6af9800 GCTaskThread "GC Thread#0" [stack: 0x0000008fe8d00000,0x0000008fe8e00000] [id=9332]
  0x0000021cc6afb000 GCTaskThread "GC Thread#1" [stack: 0x0000008fe8e00000,0x0000008fe8f00000] [id=15836]
  0x0000021cc6afe800 GCTaskThread "GC Thread#2" [stack: 0x0000008fe8f00000,0x0000008fe9000000] [id=12716]
  0x0000021cc6b01000 GCTaskThread "GC Thread#3" [stack: 0x0000008fe9000000,0x0000008fe9100000] [id=19512]
  0x0000021cc6b05800 GCTaskThread "GC Thread#4" [stack: 0x0000008fe9100000,0x0000008fe9200000] [id=14660]
  0x0000021cc6b07800 GCTaskThread "GC Thread#5" [stack: 0x0000008fe9200000,0x0000008fe9300000] [id=17012]
  0x0000021cc6b0e800 GCTaskThread "GC Thread#6" [stack: 0x0000008fe9300000,0x0000008fe9400000] [id=10968]
  0x0000021cc6b10000 GCTaskThread "GC Thread#7" [stack: 0x0000008fe9400000,0x0000008fe9500000] [id=3872]
  0x0000021cc6b7c000 ConcurrentGCThread "G1 Main Marker" [stack: 0x0000008fe9500000,0x0000008fe9600000] [id=6908]
  0x0000021cc6b7f000 ConcurrentGCThread "G1 Conc#0" [stack: 0x0000008fe9600000,0x0000008fe9700000] [id=19928]
  0x0000021cc6b8a000 ConcurrentGCThread "G1 Conc#1" [stack: 0x0000008fe9700000,0x0000008fe9800000] [id=8704]
  0x0000021ce8543800 ConcurrentGCThread "G1 Refine#0" [stack: 0x0000008fe9800000,0x0000008fe9900000] [id=8964]
  0x0000021ce8546000 ConcurrentGCThread "G1 Refine#1" [stack: 0x0000008fe9900000,0x0000008fe9a00000] [id=16124]
  0x0000021ce8547000 ConcurrentGCThread "G1 Refine#2" [stack: 0x0000008fe9a00000,0x0000008fe9b00000] [id=19596]
  0x0000021ce854a000 ConcurrentGCThread "G1 Refine#3" [stack: 0x0000008fe9b00000,0x0000008fe9c00000] [id=19180]
  0x0000021ce854b000 ConcurrentGCThread "G1 Refine#4" [stack: 0x0000008fe9c00000,0x0000008fe9d00000] [id=19444]
  0x0000021ce854c000 ConcurrentGCThread "G1 Refine#5" [stack: 0x0000008fe9d00000,0x0000008fe9e00000] [id=14192]
  0x0000021ce854f000 ConcurrentGCThread "G1 Refine#6" [stack: 0x0000008fe9e00000,0x0000008fe9f00000] [id=11536]
  0x0000021ce8557800 ConcurrentGCThread "G1 Refine#7" [stack: 0x0000008fe9f00000,0x0000008fea000000] [id=18004]
  0x0000021ce8558800 ConcurrentGCThread "G1 Young RemSet Sampling" [stack: 0x0000008fea000000,0x0000008fea100000] [id=12104]

Threads with active compile tasks:
C2 CompilerThread04140       4       org.eclipse.jdt.launching.internal.org.objectweb.asm.MethodWriter::visitFrame (706 bytes)
C2 CompilerThread14192   !   4       org.apache.tomcat.util.IntrospectionUtils::setProperty (736 bytes)
C2 CompilerThread24165       4       org.eclipse.jdt.launching.internal.org.objectweb.asm.ClassReader::readField (667 bytes)
C1 CompilerThread34203   !   3       sun.net.www.ParseUtil::decode (316 bytes)

VM state:not at safepoint (normal execution)

VM Mutex/Monitor currently owned by a thread:  ([mutex/lock_event])
[0x0000021cc6ade300] Compile_lock - owner thread: 0x0000000000000000

Heap address: 0x0000000082000000, size: 2016 MB, Compressed Oops mode: 32-bit
Narrow klass base: 0x0000000000000000, Narrow klass shift: 3
Compressed class space size: 1073741824 Address: 0x0000000100000000

Heap:
 garbage-first heap   total 155648K, used 74184K [0x0000000082000000, 0x0000000100000000)
  region size 1024K, 65 young (66560K), 9 survivors (9216K)
 Metaspace       used 40530K, capacity 41480K, committed 41808K, reserved 1087488K
  class space    used 4538K, capacity 4883K, committed 4992K, reserved 1048576K
Heap Regions: E=young(eden), S=young(survivor), O=old, HS=humongous(starts), HC=humongous(continues), CS=collection set, F=free, A=archive, TS=gc time stamp, AC=allocation context, TAMS=top-at-mark-start (previous, next)
|   0|0x0000000082000000, 0x0000000082100000, 0x0000000082100000|100%|HS|  |TS  0|AC  0|TAMS 0x0000000082100000, 0x0000000082100000|
|   1|0x0000000082100000, 0x0000000082200000, 0x0000000082200000|100%| O|  |TS  0|AC  0|TAMS 0x0000000082200000, 0x0000000082200000|
|   2|0x0000000082200000, 0x0000000082300000, 0x0000000082300000|100%| O|  |TS  0|AC  0|TAMS 0x0000000082300000, 0x0000000082300000|
|   3|0x0000000082300000, 0x0000000082400000, 0x0000000082400000|100%| O|  |TS  0|AC  0|TAMS 0x0000000082400000, 0x0000000082400000|
|   4|0x0000000082400000, 0x0000000082500000, 0x0000000082500000|100%| O|  |TS  0|AC  0|TAMS 0x0000000082500000, 0x0000000082500000|
|   5|0x0000000082500000, 0x0000000082600000, 0x0000000082600000|100%| O|  |TS  0|AC  0|TAMS 0x0000000082600000, 0x0000000082600000|
|   6|0x0000000082600000, 0x0000000082700000, 0x0000000082700000|100%| O|  |TS  0|AC  0|TAMS 0x0000000082700000, 0x0000000082700000|
|   7|0x0000000082700000, 0x0000000082800000, 0x0000000082800000|100%| O|  |TS  0|AC  0|TAMS 0x0000000082800000, 0x0000000082800000|
|   8|0x0000000082800000, 0x0000000082900000, 0x0000000082900000|100%| O|  |TS  1|AC  0|TAMS 0x000000008281f200, 0x000000008281f200|
|   9|0x0000000082900000, 0x0000000082911000, 0x0000000082a00000|  6%| O|  |TS  1|AC  0|TAMS 0x0000000082900000, 0x0000000082900000|
|  10|0x0000000082a00000, 0x0000000082a00000, 0x0000000082b00000|  0%| F|  |TS  0|AC  0|TAMS 0x0000000082a00000, 0x0000000082a00000|
|  11|0x0000000082b00000, 0x0000000082b00000, 0x0000000082c00000|  0%| F|  |TS  0|AC  0|TAMS 0x0000000082b00000, 0x0000000082b00000|
|  12|0x0000000082c00000, 0x0000000082c00000, 0x0000000082d00000|  0%| F|  |TS  0|AC  0|TAMS 0x0000000082c00000, 0x0000000082c00000|
|  13|0x0000000082d00000, 0x0000000082d00000, 0x0000000082e00000|  0%| F|  |TS  0|AC  0|TAMS 0x0000000082d00000, 0x0000000082d00000|
|  14|0x0000000082e00000, 0x0000000082e00000, 0x0000000082f00000|  0%| F|  |TS  0|AC  0|TAMS 0x0000000082e00000, 0x0000000082e00000|
|  15|0x0000000082f00000, 0x0000000082f00000, 0x0000000083000000|  0%| F|  |TS  0|AC  0|TAMS 0x0000000082f00000, 0x0000000082f00000|
|  16|0x0000000083000000, 0x0000000083000000, 0x0000000083100000|  0%| F|  |TS  0|AC  0|TAMS 0x0000000083000000, 0x0000000083000000|
|  17|0x0000000083100000, 0x0000000083100000, 0x0000000083200000|  0%| F|  |TS  0|AC  0|TAMS 0x0000000083100000, 0x0000000083100000|
|  18|0x0000000083200000, 0x0000000083200000, 0x0000000083300000|  0%| F|  |TS  0|AC  0|TAMS 0x0000000083200000, 0x0000000083200000|
|  19|0x0000000083300000, 0x0000000083300000, 0x0000000083400000|  0%| F|  |TS  0|AC  0|TAMS 0x0000000083300000, 0x0000000083300000|
|  20|0x0000000083400000, 0x0000000083400000, 0x0000000083500000|  0%| F|  |TS  0|AC  0|TAMS 0x0000000083400000, 0x0000000083400000|
|  21|0x0000000083500000, 0x0000000083500000, 0x0000000083600000|  0%| F|  |TS  0|AC  0|TAMS 0x0000000083500000, 0x0000000083500000|
|  22|0x0000000083600000, 0x0000000083600000, 0x0000000083700000|  0%| F|  |TS  0|AC  0|TAMS 0x0000000083600000, 0x0000000083600000|
|  23|0x0000000083700000, 0x0000000083700000, 0x0000000083800000|  0%| F|  |TS  0|AC  0|TAMS 0x0000000083700000, 0x0000000083700000|
|  24|0x0000000083800000, 0x0000000083800000, 0x0000000083900000|  0%| F|  |TS  0|AC  0|TAMS 0x0000000083800000, 0x0000000083800000|
|  25|0x0000000083900000, 0x0000000083900000, 0x0000000083a00000|  0%| F|  |TS  0|AC  0|TAMS 0x0000000083900000, 0x0000000083900000|
|  26|0x0000000083a00000, 0x0000000083a00000, 0x0000000083b00000|  0%| F|  |TS  0|AC  0|TAMS 0x0000000083a00000, 0x0000000083a00000|
|  27|0x0000000083b00000, 0x0000000083b00000, 0x0000000083c00000|  0%| F|  |TS  0|AC  0|TAMS 0x0000000083b00000, 0x0000000083b00000|
|  28|0x0000000083c00000, 0x0000000083c00000, 0x0000000083d00000|  0%| F|  |TS  0|AC  0|TAMS 0x0000000083c00000, 0x0000000083c00000|
|  29|0x0000000083d00000, 0x0000000083d00000, 0x0000000083e00000|  0%| F|  |TS  0|AC  0|TAMS 0x0000000083d00000, 0x0000000083d00000|
|  30|0x0000000083e00000, 0x0000000083e00000, 0x0000000083f00000|  0%| F|  |TS  0|AC  0|TAMS 0x0000000083e00000, 0x0000000083e00000|
|  31|0x0000000083f00000, 0x0000000083f00000, 0x0000000084000000|  0%| F|  |TS  0|AC  0|TAMS 0x0000000083f00000, 0x0000000083f00000|
|  32|0x0000000084000000, 0x0000000084000000, 0x0000000084100000|  0%| F|  |TS  0|AC  0|TAMS 0x0000000084000000, 0x0000000084000000|
|  33|0x0000000084100000, 0x0000000084100000, 0x0000000084200000|  0%| F|  |TS  0|AC  0|TAMS 0x0000000084100000, 0x0000000084100000|
|  34|0x0000000084200000, 0x0000000084200000, 0x0000000084300000|  0%| F|  |TS  0|AC  0|TAMS 0x0000000084200000, 0x0000000084200000|
|  35|0x0000000084300000, 0x0000000084300000, 0x0000000084400000|  0%| F|  |TS  0|AC  0|TAMS 0x0000000084300000, 0x0000000084300000|
|  36|0x0000000084400000, 0x0000000084400000, 0x0000000084500000|  0%| F|  |TS  0|AC  0|TAMS 0x0000000084400000, 0x0000000084400000|
|  37|0x0000000084500000, 0x0000000084500000, 0x0000000084600000|  0%| F|  |TS  0|AC  0|TAMS 0x0000000084500000, 0x0000000084500000|
|  38|0x0000000084600000, 0x0000000084600000, 0x0000000084700000|  0%| F|  |TS  0|AC  0|TAMS 0x0000000084600000, 0x0000000084600000|
|  39|0x0000000084700000, 0x0000000084700000, 0x0000000084800000|  0%| F|  |TS  0|AC  0|TAMS 0x0000000084700000, 0x0000000084700000|
|  40|0x0000000084800000, 0x0000000084800000, 0x0000000084900000|  0%| F|  |TS  0|AC  0|TAMS 0x0000000084800000, 0x0000000084800000|
|  41|0x0000000084900000, 0x0000000084900000, 0x0000000084a00000|  0%| F|  |TS  0|AC  0|TAMS 0x0000000084900000, 0x0000000084900000|
|  42|0x0000000084a00000, 0x0000000084a00000, 0x0000000084b00000|  0%| F|  |TS  0|AC  0|TAMS 0x0000000084a00000, 0x0000000084a00000|
|  43|0x0000000084b00000, 0x0000000084b00000, 0x0000000084c00000|  0%| F|  |TS  0|AC  0|TAMS 0x0000000084b00000, 0x0000000084b00000|
|  44|0x0000000084c00000, 0x0000000084c00000, 0x0000000084d00000|  0%| F|  |TS  0|AC  0|TAMS 0x0000000084c00000, 0x0000000084c00000|
|  45|0x0000000084d00000, 0x0000000084d00000, 0x0000000084e00000|  0%| F|  |TS  0|AC  0|TAMS 0x0000000084d00000, 0x0000000084d00000|
|  46|0x0000000084e00000, 0x0000000084e00000, 0x0000000084f00000|  0%| F|  |TS  0|AC  0|TAMS 0x0000000084e00000, 0x0000000084e00000|
|  47|0x0000000084f00000, 0x0000000084f61218, 0x0000000085000000| 37%| S|CS|TS  1|AC  0|TAMS 0x0000000084f00000, 0x0000000084f00000|
|  48|0x0000000085000000, 0x0000000085100000, 0x0000000085100000|100%| S|CS|TS  1|AC  0|TAMS 0x0000000085000000, 0x0000000085000000|
|  49|0x0000000085100000, 0x0000000085200000, 0x0000000085200000|100%| S|CS|TS  1|AC  0|TAMS 0x0000000085100000, 0x0000000085100000|
|  50|0x0000000085200000, 0x0000000085300000, 0x0000000085300000|100%| S|CS|TS  1|AC  0|TAMS 0x0000000085200000, 0x0000000085200000|
|  51|0x0000000085300000, 0x0000000085400000, 0x0000000085400000|100%| S|CS|TS  1|AC  0|TAMS 0x0000000085300000, 0x0000000085300000|
|  52|0x0000000085400000, 0x0000000085500000, 0x0000000085500000|100%| S|CS|TS  1|AC  0|TAMS 0x0000000085400000, 0x0000000085400000|
|  53|0x0000000085500000, 0x0000000085600000, 0x0000000085600000|100%| S|CS|TS  1|AC  0|TAMS 0x0000000085500000, 0x0000000085500000|
|  54|0x0000000085600000, 0x0000000085700000, 0x0000000085700000|100%| S|CS|TS  1|AC  0|TAMS 0x0000000085600000, 0x0000000085600000|
|  55|0x0000000085700000, 0x0000000085800000, 0x0000000085800000|100%| S|CS|TS  1|AC  0|TAMS 0x0000000085700000, 0x0000000085700000|
|  56|0x0000000085800000, 0x0000000085800000, 0x0000000085900000|  0%| F|  |TS  1|AC  0|TAMS 0x0000000085800000, 0x0000000085800000|
|  57|0x0000000085900000, 0x0000000085900000, 0x0000000085a00000|  0%| F|  |TS  1|AC  0|TAMS 0x0000000085900000, 0x0000000085900000|
|  58|0x0000000085a00000, 0x0000000085a00000, 0x0000000085b00000|  0%| F|  |TS  1|AC  0|TAMS 0x0000000085a00000, 0x0000000085a00000|
|  59|0x0000000085b00000, 0x0000000085b00000, 0x0000000085c00000|  0%| F|  |TS  1|AC  0|TAMS 0x0000000085b00000, 0x0000000085b00000|
|  60|0x0000000085c00000, 0x0000000085c00000, 0x0000000085d00000|  0%| F|  |TS  1|AC  0|TAMS 0x0000000085c00000, 0x0000000085c00000|
|  61|0x0000000085d00000, 0x0000000085d00000, 0x0000000085e00000|  0%| F|  |TS  1|AC  0|TAMS 0x0000000085d00000, 0x0000000085d00000|
|  62|0x0000000085e00000, 0x0000000085e00000, 0x0000000085f00000|  0%| F|  |TS  1|AC  0|TAMS 0x0000000085e00000, 0x0000000085e00000|
|  63|0x0000000085f00000, 0x0000000085f00000, 0x0000000086000000|  0%| F|  |TS  1|AC  0|TAMS 0x0000000085f00000, 0x0000000085f00000|
|  64|0x0000000086000000, 0x0000000086000000, 0x0000000086100000|  0%| F|  |TS  1|AC  0|TAMS 0x0000000086000000, 0x0000000086000000|
|  65|0x0000000086100000, 0x0000000086100000, 0x0000000086200000|  0%| F|  |TS  1|AC  0|TAMS 0x0000000086100000, 0x0000000086100000|
|  66|0x0000000086200000, 0x0000000086200000, 0x0000000086300000|  0%| F|  |TS  1|AC  0|TAMS 0x0000000086200000, 0x0000000086200000|
|  67|0x0000000086300000, 0x0000000086300000, 0x0000000086400000|  0%| F|  |TS  1|AC  0|TAMS 0x0000000086300000, 0x0000000086300000|
|  68|0x0000000086400000, 0x0000000086400000, 0x0000000086500000|  0%| F|  |TS  1|AC  0|TAMS 0x0000000086400000, 0x0000000086400000|
|  69|0x0000000086500000, 0x0000000086500000, 0x0000000086600000|  0%| F|  |TS  1|AC  0|TAMS 0x0000000086500000, 0x0000000086500000|
|  70|0x0000000086600000, 0x0000000086600000, 0x0000000086700000|  0%| F|  |TS  1|AC  0|TAMS 0x0000000086600000, 0x0000000086600000|
|  71|0x0000000086700000, 0x0000000086700000, 0x0000000086800000|  0%| F|  |TS  1|AC  0|TAMS 0x0000000086700000, 0x0000000086700000|
|  72|0x0000000086800000, 0x0000000086800000, 0x0000000086900000|  0%| F|  |TS  1|AC  0|TAMS 0x0000000086800000, 0x0000000086800000|
|  73|0x0000000086900000, 0x0000000086900000, 0x0000000086a00000|  0%| F|  |TS  1|AC  0|TAMS 0x0000000086900000, 0x0000000086900000|
|  74|0x0000000086a00000, 0x0000000086a00000, 0x0000000086b00000|  0%| F|  |TS  1|AC  0|TAMS 0x0000000086a00000, 0x0000000086a00000|
|  75|0x0000000086b00000, 0x0000000086b00000, 0x0000000086c00000|  0%| F|  |TS  1|AC  0|TAMS 0x0000000086b00000, 0x0000000086b00000|
|  76|0x0000000086c00000, 0x0000000086c00000, 0x0000000086d00000|  0%| F|  |TS  1|AC  0|TAMS 0x0000000086c00000, 0x0000000086c00000|
|  77|0x0000000086d00000, 0x0000000086d00000, 0x0000000086e00000|  0%| F|  |TS  1|AC  0|TAMS 0x0000000086d00000, 0x0000000086d00000|
|  78|0x0000000086e00000, 0x0000000086e00000, 0x0000000086f00000|  0%| F|  |TS  1|AC  0|TAMS 0x0000000086e00000, 0x0000000086e00000|
|  79|0x0000000086f00000, 0x0000000086f00000, 0x0000000087000000|  0%| F|  |TS  1|AC  0|TAMS 0x0000000086f00000, 0x0000000086f00000|
|  80|0x0000000087000000, 0x0000000087000000, 0x0000000087100000|  0%| F|  |TS  1|AC  0|TAMS 0x0000000087000000, 0x0000000087000000|
|  81|0x0000000087100000, 0x0000000087100000, 0x0000000087200000|  0%| F|  |TS  1|AC  0|TAMS 0x0000000087100000, 0x0000000087100000|
|  82|0x0000000087200000, 0x0000000087200000, 0x0000000087300000|  0%| F|  |TS  1|AC  0|TAMS 0x0000000087200000, 0x0000000087200000|
|  83|0x0000000087300000, 0x0000000087300000, 0x0000000087400000|  0%| F|  |TS  1|AC  0|TAMS 0x0000000087300000, 0x0000000087300000|
|  84|0x0000000087400000, 0x0000000087400000, 0x0000000087500000|  0%| F|  |TS  1|AC  0|TAMS 0x0000000087400000, 0x0000000087400000|
|  85|0x0000000087500000, 0x0000000087500000, 0x0000000087600000|  0%| F|  |TS  1|AC  0|TAMS 0x0000000087500000, 0x0000000087500000|
|  86|0x0000000087600000, 0x0000000087600000, 0x0000000087700000|  0%| F|  |TS  1|AC  0|TAMS 0x0000000087600000, 0x0000000087600000|
|  87|0x0000000087700000, 0x0000000087700000, 0x0000000087800000|  0%| F|  |TS  1|AC  0|TAMS 0x0000000087700000, 0x0000000087700000|
|  88|0x0000000087800000, 0x0000000087800000, 0x0000000087900000|  0%| F|  |TS  1|AC  0|TAMS 0x0000000087800000, 0x0000000087800000|
|  89|0x0000000087900000, 0x0000000087900000, 0x0000000087a00000|  0%| F|  |TS  1|AC  0|TAMS 0x0000000087900000, 0x0000000087900000|
|  90|0x0000000087a00000, 0x0000000087a00000, 0x0000000087b00000|  0%| F|  |TS  1|AC  0|TAMS 0x0000000087a00000, 0x0000000087a00000|
|  91|0x0000000087b00000, 0x0000000087b00000, 0x0000000087c00000|  0%| F|  |TS  1|AC  0|TAMS 0x0000000087b00000, 0x0000000087b00000|
|  92|0x0000000087c00000, 0x0000000087c00000, 0x0000000087d00000|  0%| F|  |TS  1|AC  0|TAMS 0x0000000087c00000, 0x0000000087c00000|
|  93|0x0000000087d00000, 0x0000000087d00000, 0x0000000087e00000|  0%| F|  |TS  1|AC  0|TAMS 0x0000000087d00000, 0x0000000087d00000|
|  94|0x0000000087e00000, 0x0000000087e00000, 0x0000000087f00000|  0%| F|  |TS  1|AC  0|TAMS 0x0000000087e00000, 0x0000000087e00000|
|  95|0x0000000087f00000, 0x0000000087f81078, 0x0000000088000000| 50%| E|  |TS  1|AC  0|TAMS 0x0000000087f00000, 0x0000000087f00000|
|  96|0x0000000088000000, 0x0000000088100000, 0x0000000088100000|100%| E|CS|TS  1|AC  0|TAMS 0x0000000088000000, 0x0000000088000000|
|  97|0x0000000088100000, 0x0000000088200000, 0x0000000088200000|100%| E|CS|TS  1|AC  0|TAMS 0x0000000088100000, 0x0000000088100000|
|  98|0x0000000088200000, 0x0000000088300000, 0x0000000088300000|100%| E|CS|TS  1|AC  0|TAMS 0x0000000088200000, 0x0000000088200000|
|  99|0x0000000088300000, 0x0000000088400000, 0x0000000088400000|100%| E|CS|TS  1|AC  0|TAMS 0x0000000088300000, 0x0000000088300000|
| 100|0x0000000088400000, 0x0000000088500000, 0x0000000088500000|100%| E|CS|TS  1|AC  0|TAMS 0x0000000088400000, 0x0000000088400000|
| 101|0x0000000088500000, 0x0000000088600000, 0x0000000088600000|100%| E|CS|TS  1|AC  0|TAMS 0x0000000088500000, 0x0000000088500000|
| 102|0x0000000088600000, 0x0000000088700000, 0x0000000088700000|100%| E|CS|TS  1|AC  0|TAMS 0x0000000088600000, 0x0000000088600000|
| 103|0x0000000088700000, 0x0000000088800000, 0x0000000088800000|100%| E|CS|TS  1|AC  0|TAMS 0x0000000088700000, 0x0000000088700000|
| 104|0x0000000088800000, 0x0000000088900000, 0x0000000088900000|100%| E|CS|TS  1|AC  0|TAMS 0x0000000088800000, 0x0000000088800000|
| 105|0x0000000088900000, 0x0000000088a00000, 0x0000000088a00000|100%| E|CS|TS  1|AC  0|TAMS 0x0000000088900000, 0x0000000088900000|
| 106|0x0000000088a00000, 0x0000000088b00000, 0x0000000088b00000|100%| E|CS|TS  1|AC  0|TAMS 0x0000000088a00000, 0x0000000088a00000|
| 107|0x0000000088b00000, 0x0000000088c00000, 0x0000000088c00000|100%| E|CS|TS  1|AC  0|TAMS 0x0000000088b00000, 0x0000000088b00000|
| 108|0x0000000088c00000, 0x0000000088d00000, 0x0000000088d00000|100%| E|CS|TS  1|AC  0|TAMS 0x0000000088c00000, 0x0000000088c00000|
| 109|0x0000000088d00000, 0x0000000088e00000, 0x0000000088e00000|100%| E|CS|TS  1|AC  0|TAMS 0x0000000088d00000, 0x0000000088d00000|
| 110|0x0000000088e00000, 0x0000000088f00000, 0x0000000088f00000|100%| E|CS|TS  1|AC  0|TAMS 0x0000000088e00000, 0x0000000088e00000|
| 111|0x0000000088f00000, 0x0000000089000000, 0x0000000089000000|100%| E|CS|TS  1|AC  0|TAMS 0x0000000088f00000, 0x0000000088f00000|
| 112|0x0000000089000000, 0x0000000089100000, 0x0000000089100000|100%| E|CS|TS  1|AC  0|TAMS 0x0000000089000000, 0x0000000089000000|
| 113|0x0000000089100000, 0x0000000089200000, 0x0000000089200000|100%| E|CS|TS  1|AC  0|TAMS 0x0000000089100000, 0x0000000089100000|
| 114|0x0000000089200000, 0x0000000089300000, 0x0000000089300000|100%| E|CS|TS  1|AC  0|TAMS 0x0000000089200000, 0x0000000089200000|
| 115|0x0000000089300000, 0x0000000089400000, 0x0000000089400000|100%| E|CS|TS  1|AC  0|TAMS 0x0000000089300000, 0x0000000089300000|
| 116|0x0000000089400000, 0x0000000089500000, 0x0000000089500000|100%| E|CS|TS  1|AC  0|TAMS 0x0000000089400000, 0x0000000089400000|
| 117|0x0000000089500000, 0x0000000089600000, 0x0000000089600000|100%| E|CS|TS  1|AC  0|TAMS 0x0000000089500000, 0x0000000089500000|
| 118|0x0000000089600000, 0x0000000089700000, 0x0000000089700000|100%| E|CS|TS  1|AC  0|TAMS 0x0000000089600000, 0x0000000089600000|
| 119|0x0000000089700000, 0x0000000089800000, 0x0000000089800000|100%| E|CS|TS  1|AC  0|TAMS 0x0000000089700000, 0x0000000089700000|
| 120|0x0000000089800000, 0x0000000089900000, 0x0000000089900000|100%| E|CS|TS  1|AC  0|TAMS 0x0000000089800000, 0x0000000089800000|
| 121|0x0000000089900000, 0x0000000089a00000, 0x0000000089a00000|100%| E|CS|TS  1|AC  0|TAMS 0x0000000089900000, 0x0000000089900000|
| 122|0x0000000089a00000, 0x0000000089b00000, 0x0000000089b00000|100%| E|CS|TS  1|AC  0|TAMS 0x0000000089a00000, 0x0000000089a00000|
| 123|0x0000000089b00000, 0x0000000089c00000, 0x0000000089c00000|100%| E|CS|TS  1|AC  0|TAMS 0x0000000089b00000, 0x0000000089b00000|
| 124|0x0000000089c00000, 0x0000000089d00000, 0x0000000089d00000|100%| E|CS|TS  1|AC  0|TAMS 0x0000000089c00000, 0x0000000089c00000|
| 125|0x0000000089d00000, 0x0000000089e00000, 0x0000000089e00000|100%| E|CS|TS  1|AC  0|TAMS 0x0000000089d00000, 0x0000000089d00000|
| 126|0x0000000089e00000, 0x0000000089f00000, 0x0000000089f00000|100%| E|CS|TS  1|AC  0|TAMS 0x0000000089e00000, 0x0000000089e00000|
| 127|0x0000000089f00000, 0x000000008a000000, 0x000000008a000000|100%| E|CS|TS  1|AC  0|TAMS 0x0000000089f00000, 0x0000000089f00000|
| 128|0x000000008a000000, 0x000000008a100000, 0x000000008a100000|100%| E|CS|TS  1|AC  0|TAMS 0x000000008a000000, 0x000000008a000000|
| 129|0x000000008a100000, 0x000000008a200000, 0x000000008a200000|100%| E|CS|TS  1|AC  0|TAMS 0x000000008a100000, 0x000000008a100000|
| 130|0x000000008a200000, 0x000000008a300000, 0x000000008a300000|100%| E|CS|TS  1|AC  0|TAMS 0x000000008a200000, 0x000000008a200000|
| 131|0x000000008a300000, 0x000000008a400000, 0x000000008a400000|100%| E|CS|TS  1|AC  0|TAMS 0x000000008a300000, 0x000000008a300000|
| 132|0x000000008a400000, 0x000000008a500000, 0x000000008a500000|100%| E|CS|TS  1|AC  0|TAMS 0x000000008a400000, 0x000000008a400000|
| 133|0x000000008a500000, 0x000000008a600000, 0x000000008a600000|100%| E|CS|TS  1|AC  0|TAMS 0x000000008a500000, 0x000000008a500000|
| 134|0x000000008a600000, 0x000000008a700000, 0x000000008a700000|100%| E|CS|TS  1|AC  0|TAMS 0x000000008a600000, 0x000000008a600000|
| 135|0x000000008a700000, 0x000000008a800000, 0x000000008a800000|100%| E|CS|TS  1|AC  0|TAMS 0x000000008a700000, 0x000000008a700000|
| 136|0x000000008a800000, 0x000000008a900000, 0x000000008a900000|100%| E|CS|TS  1|AC  0|TAMS 0x000000008a800000, 0x000000008a800000|
| 137|0x000000008a900000, 0x000000008aa00000, 0x000000008aa00000|100%| E|CS|TS  1|AC  0|TAMS 0x000000008a900000, 0x000000008a900000|
| 138|0x000000008aa00000, 0x000000008ab00000, 0x000000008ab00000|100%| E|CS|TS  1|AC  0|TAMS 0x000000008aa00000, 0x000000008aa00000|
| 139|0x000000008ab00000, 0x000000008ac00000, 0x000000008ac00000|100%| E|CS|TS  1|AC  0|TAMS 0x000000008ab00000, 0x000000008ab00000|
| 140|0x000000008ac00000, 0x000000008ad00000, 0x000000008ad00000|100%| E|CS|TS  1|AC  0|TAMS 0x000000008ac00000, 0x000000008ac00000|
| 141|0x000000008ad00000, 0x000000008ae00000, 0x000000008ae00000|100%| E|CS|TS  1|AC  0|TAMS 0x000000008ad00000, 0x000000008ad00000|
| 142|0x000000008ae00000, 0x000000008af00000, 0x000000008af00000|100%| E|CS|TS  1|AC  0|TAMS 0x000000008ae00000, 0x000000008ae00000|
| 143|0x000000008af00000, 0x000000008b000000, 0x000000008b000000|100%| E|CS|TS  1|AC  0|TAMS 0x000000008af00000, 0x000000008af00000|
| 144|0x000000008b000000, 0x000000008b100000, 0x000000008b100000|100%| E|CS|TS  1|AC  0|TAMS 0x000000008b000000, 0x000000008b000000|
| 145|0x000000008b100000, 0x000000008b200000, 0x000000008b200000|100%| E|CS|TS  1|AC  0|TAMS 0x000000008b100000, 0x000000008b100000|
| 146|0x000000008b200000, 0x000000008b300000, 0x000000008b300000|100%| E|CS|TS  1|AC  0|TAMS 0x000000008b200000, 0x000000008b200000|
| 147|0x000000008b300000, 0x000000008b400000, 0x000000008b400000|100%| E|CS|TS  1|AC  0|TAMS 0x000000008b300000, 0x000000008b300000|
| 148|0x000000008b400000, 0x000000008b500000, 0x000000008b500000|100%| E|CS|TS  1|AC  0|TAMS 0x000000008b400000, 0x000000008b400000|
| 149|0x000000008b500000, 0x000000008b600000, 0x000000008b600000|100%| E|CS|TS  1|AC  0|TAMS 0x000000008b500000, 0x000000008b500000|
| 150|0x000000008b600000, 0x000000008b700000, 0x000000008b700000|100%| E|CS|TS  1|AC  0|TAMS 0x000000008b600000, 0x000000008b600000|
| 151|0x000000008b700000, 0x000000008b800000, 0x000000008b800000|100%| E|CS|TS  1|AC  0|TAMS 0x000000008b700000, 0x000000008b700000|

Card table byte_map: [0x0000021ce1580000,0x0000021ce1970000] byte_map_base: 0x0000021ce1170000

Marking Bits (Prev, Next): (CMBitMap*) 0x0000021cc6b7b100, (CMBitMap*) 0x0000021cc6b7b138
 Prev Bits: [0x0000021ce1d60000, 0x0000021ce3ce0000)
 Next Bits: [0x0000021ce3ce0000, 0x0000021ce5c60000)

Polling page: 0x0000021cc4960000

CodeHeap 'non-profiled nmethods': size=120000Kb used=2769Kb max_used=2769Kb free=117230Kb
 bounds [0x0000021cd9930000, 0x0000021cd9bf0000, 0x0000021ce0e60000]
CodeHeap 'profiled nmethods': size=120000Kb used=9859Kb max_used=9859Kb free=110140Kb
 bounds [0x0000021cd2400000, 0x0000021cd2db0000, 0x0000021cd9930000]
CodeHeap 'non-nmethods': size=5760Kb used=1225Kb max_used=1317Kb free=4534Kb
 bounds [0x0000021cd1e60000, 0x0000021cd20d0000, 0x0000021cd2400000]
 total_blobs=5564 nmethods=3966 adapters=392
 compilation: enabled

Compilation events (10 events):
Event: 6.786 Thread 0x0000021ce9074800 4171       3       jdk.internal.jimage.ImageLocation::verifyName (187 bytes)
Event: 6.789 Thread 0x0000021ce9074800 nmethod 4171 0x0000021cd2d8ed90 code [0x0000021cd2d8f100, 0x0000021cd2d907e0]
Event: 6.791 Thread 0x0000021ce9074800 4172       1       jdk.internal.loader.BuiltinClassLoader$LoadedModule::mref (5 bytes)
Event: 6.792 Thread 0x0000021ce9074800 nmethod 4172 0x0000021cd9bde210 code [0x0000021cd9bde3c0, 0x0000021cd9bde4d8]
Event: 6.792 Thread 0x0000021ce9074800 4173       1       jdk.internal.loader.BuiltinClassLoader$LoadedModule::codeSourceURL (5 bytes)
Event: 6.792 Thread 0x0000021ce9074800 nmethod 4173 0x0000021cd9bde590 code [0x0000021cd9bde740, 0x0000021cd9bde858]
Event: 6.792 Thread 0x0000021ce9074800 4175       1       java.nio.DirectByteBufferR::isDirect (2 bytes)
Event: 6.792 Thread 0x0000021ce9074800 nmethod 4175 0x0000021cd9bde910 code [0x0000021cd9bdeac0, 0x0000021cd9bdebd8]
Event: 6.820 Thread 0x0000021ce9074800 4179       3       java.lang.StringUTF16::getChars (42 bytes)
Event: 6.821 Thread 0x0000021ce9074800 nmethod 4179 0x0000021cd2d91390 code [0x0000021cd2d91580, 0x0000021cd2d91930]

GC Heap History (10 events):
Event: 3.200 GC heap before
{Heap before GC invocations=4 (full 0):
 garbage-first heap   total 129024K, used 78836K [0x0000000082000000, 0x0000000100000000)
  region size 1024K, 75 young (76800K), 6 survivors (6144K)
 Metaspace       used 26315K, capacity 26842K, committed 27136K, reserved 1073152K
  class space    used 2835K, capacity 3020K, committed 3072K, reserved 1048576K
}
Event: 3.210 GC heap after
{Heap after GC invocations=5 (full 0):
 garbage-first heap   total 129024K, used 10105K [0x0000000082000000, 0x0000000100000000)
  region size 1024K, 7 young (7168K), 7 survivors (7168K)
 Metaspace       used 26315K, capacity 26842K, committed 27136K, reserved 1073152K
  class space    used 2835K, capacity 3020K, committed 3072K, reserved 1048576K
}
Event: 3.961 GC heap before
{Heap before GC invocations=5 (full 0):
 garbage-first heap   total 129024K, used 79737K [0x0000000082000000, 0x0000000100000000)
  region size 1024K, 75 young (76800K), 7 survivors (7168K)
 Metaspace       used 31217K, capacity 31843K, committed 32128K, reserved 1077248K
  class space    used 3397K, capacity 3640K, committed 3712K, reserved 1048576K
}
Event: 3.973 GC heap after
{Heap after GC invocations=6 (full 0):
 garbage-first heap   total 129024K, used 11717K [0x0000000082000000, 0x0000000100000000)
  region size 1024K, 6 young (6144K), 6 survivors (6144K)
 Metaspace       used 31217K, capacity 31843K, committed 32128K, reserved 1077248K
  class space    used 3397K, capacity 3640K, committed 3712K, reserved 1048576K
}
Event: 4.757 GC heap before
{Heap before GC invocations=6 (full 0):
 garbage-first heap   total 129024K, used 82373K [0x0000000082000000, 0x0000000100000000)
  region size 1024K, 75 young (76800K), 6 survivors (6144K)
 Metaspace       used 33766K, capacity 34511K, committed 34816K, reserved 1079296K
  class space    used 3720K, capacity 4008K, committed 4096K, reserved 1048576K
}
Event: 4.767 GC heap after
{Heap after GC invocations=7 (full 0):
 garbage-first heap   total 129024K, used 13483K [0x0000000082000000, 0x0000000100000000)
  region size 1024K, 6 young (6144K), 6 survivors (6144K)
 Metaspace       used 33766K, capacity 34511K, committed 34816K, reserved 1079296K
  class space    used 3720K, capacity 4008K, committed 4096K, reserved 1048576K
}
Event: 5.100 GC heap before
{Heap before GC invocations=7 (full 0):
 garbage-first heap   total 129024K, used 31915K [0x0000000082000000, 0x0000000100000000)
  region size 1024K, 25 young (25600K), 6 survivors (6144K)
 Metaspace       used 35070K, capacity 35793K, committed 35920K, reserved 1081344K
  class space    used 3876K, capacity 4175K, committed 4224K, reserved 1048576K
}
Event: 5.108 GC heap after
{Heap after GC invocations=8 (full 0):
 garbage-first heap   total 129024K, used 13845K [0x0000000082000000, 0x0000000100000000)
  region size 1024K, 6 young (6144K), 6 survivors (6144K)
 Metaspace       used 35070K, capacity 35793K, committed 35920K, reserved 1081344K
  class space    used 3876K, capacity 4175K, committed 4224K, reserved 1048576K
}
Event: 6.745 GC heap before
{Heap before GC invocations=9 (full 0):
 garbage-first heap   total 129024K, used 79381K [0x0000000082000000, 0x0000000100000000)
  region size 1024K, 70 young (71680K), 6 survivors (6144K)
 Metaspace       used 39353K, capacity 40351K, committed 40656K, reserved 1085440K
  class space    used 4398K, capacity 4784K, committed 4864K, reserved 1048576K
}
Event: 6.759 GC heap after
{Heap after GC invocations=10 (full 0):
 garbage-first heap   total 155648K, used 17864K [0x0000000082000000, 0x0000000100000000)
  region size 1024K, 9 young (9216K), 9 survivors (9216K)
 Metaspace       used 39353K, capacity 40351K, committed 40656K, reserved 1085440K
  class space    used 4398K, capacity 4784K, committed 4864K, reserved 1048576K
}

Deoptimization events (10 events):
Event: 5.829 Thread 0x0000021ce933b000 Uncommon trap: reason=class_check action=maybe_recompile pc=0x0000021cd9b0a4bc method=java.util.concurrent.ConcurrentHashMap.putVal(Ljava/lang/Object;Ljava/lang/Object;Z)Ljava/lang/Object; @ 242 c2
Event: 5.962 Thread 0x0000021ce933b000 Uncommon trap: reason=unstable_if action=reinterpret pc=0x0000021cd9b76334 method=java.util.Properties$LineReader.readLine()I @ 180 c2
Event: 5.962 Thread 0x0000021ce933b000 Uncommon trap: reason=unstable_if action=reinterpret pc=0x0000021cd9a59dbc method=java.util.Properties$LineReader.readLine()I @ 180 c2
Event: 6.076 Thread 0x0000021ce933b000 Uncommon trap: reason=unstable_if action=reinterpret pc=0x0000021cd9b7391c method=java.util.Properties.loadConvert([CII[C)Ljava/lang/String; @ 57 c2
Event: 6.556 Thread 0x0000021ce933b000 Uncommon trap: reason=intrinsic_or_type_checked_inlining action=make_not_entrant pc=0x0000021cd9bacc0c method=java.util.ArrayList.toArray([Ljava/lang/Object;)[Ljava/lang/Object; @ 36 c2
Event: 6.578 Thread 0x0000021ce933b000 Uncommon trap: reason=null_check action=make_not_entrant pc=0x0000021cd9ada954 method=org.apache.tomcat.util.IntrospectionUtils.findMethods(Ljava/lang/Class;)[Ljava/lang/reflect/Method; @ 7 c2
Event: 6.617 Thread 0x0000021ce933b000 Uncommon trap: reason=unstable_if action=reinterpret pc=0x0000021cd9ab3f3c method=java.lang.StringLatin1.compareToCI([B[B)I @ 68 c2
Event: 6.653 Thread 0x0000021ce933b000 Uncommon trap: reason=unstable_if action=reinterpret pc=0x0000021cd9989d6c method=org.eclipse.jdt.launching.internal.org.objectweb.asm.ByteVector.putUTF8(Ljava/lang/String;)Lorg/eclipse/jdt/launching/internal/org/objectweb/asm/ByteVector; @ 91 c2
Event: 6.654 Thread 0x0000021ce933b000 Uncommon trap: reason=unstable_if action=reinterpret pc=0x0000021cd9998864 method=org.eclipse.jdt.launching.internal.org.objectweb.asm.ByteVector.encodeUTF8(Ljava/lang/String;II)Lorg/eclipse/jdt/launching/internal/org/objectweb/asm/ByteVector; @ 30 c2
Event: 6.654 Thread 0x0000021ce933b000 Uncommon trap: reason=unstable_if action=reinterpret pc=0x0000021cd9992988 method=org.eclipse.jdt.launching.internal.org.objectweb.asm.ByteVector.encodeUTF8(Ljava/lang/String;II)Lorg/eclipse/jdt/launching/internal/org/objectweb/asm/ByteVector; @ 175 c2

Classes redefined (0 events):
No events

Internal exceptions (10 events):
Event: 5.743 Thread 0x0000021ce933b000 Exception <a 'java/lang/NoSuchMethodError'{0x000000008768bbf0}: java.lang.invoke.DirectMethodHandle$Holder.invokeInterface(Ljava/lang/Object;Ljava/lang/Object;Ljava/lang/Object;)V> (0x000000008768bbf0) thrown at [t:/workspace/open/src/hotspot/share/interp
Event: 5.800 Thread 0x0000021ce933b000 Exception <a 'java/lang/NoSuchMethodError'{0x00000000874e5eb8}: java.lang.invoke.DirectMethodHandle$Holder.invokeSpecial(Ljava/lang/Object;Ljava/lang/Object;Ljava/lang/Object;Ljava/lang/Object;Ljava/lang/Object;Ljava/lang/Object;I)Ljava/lang/Object;> (0x0
Event: 5.801 Thread 0x0000021ce933b000 Exception <a 'java/lang/NoSuchMethodError'{0x00000000874eff28}: java.lang.invoke.DirectMethodHandle$Holder.invokeSpecial(Ljava/lang/Object;Ljava/lang/Object;Ljava/lang/Object;Ljava/lang/Object;Ljava/lang/Object;Ljava/lang/Object;Ljava/lang/Object;I)Ljava/
Event: 5.856 Thread 0x0000021ce933b000 Exception <a 'java/lang/NoSuchMethodError'{0x0000000087075700}: java.lang.invoke.DirectMethodHandle$Holder.invokeInterface(Ljava/lang/Object;Ljava/lang/Object;I)V> (0x0000000087075700) thrown at [t:/workspace/open/src/hotspot/share/interpreter/linkResolve
Event: 5.863 Thread 0x0000021ce933b000 Exception <a 'java/lang/NoSuchMethodError'{0x00000000870bbd80}: java.lang.invoke.DirectMethodHandle$Holder.invokeStatic(Ljava/lang/Object;ILjava/lang/Object;)V> (0x00000000870bbd80) thrown at [t:/workspace/open/src/hotspot/share/interpreter/linkResolver.c
Event: 5.867 Thread 0x0000021ce933b000 Exception <a 'java/lang/NoSuchMethodError'{0x00000000870df6e8}: java.lang.invoke.DirectMethodHandle$Holder.invokeVirtual(Ljava/lang/Object;Ljava/lang/Object;)I> (0x00000000870df6e8) thrown at [t:/workspace/open/src/hotspot/share/interpreter/linkResolver.c
Event: 6.083 Thread 0x0000021ce933b000 Exception <a 'java/lang/NoSuchMethodError'{0x000000008668cb78}: java.lang.invoke.DirectMethodHandle$Holder.invokeStatic(Ljava/lang/Object;IIII)Ljava/lang/Object;> (0x000000008668cb78) thrown at [t:/workspace/open/src/hotspot/share/interpreter/linkResolver
Event: 6.084 Thread 0x0000021ce933b000 Exception <a 'java/lang/NoSuchMethodError'{0x000000008668fd30}: java.lang.invoke.DirectMethodHandle$Holder.invokeStaticInit(Ljava/lang/Object;IIII)Ljava/lang/Object;> (0x000000008668fd30) thrown at [t:/workspace/open/src/hotspot/share/interpreter/linkReso
Event: 6.473 Thread 0x0000021ce933b000 Exception <a 'java/lang/NoSuchMethodError'{0x00000000866dda10}: java.lang.invoke.DirectMethodHandle$Holder.invokeStatic(Ljava/lang/Object;Ljava/lang/Object;IIII)Ljava/lang/Object;> (0x00000000866dda10) thrown at [t:/workspace/open/src/hotspot/share/interp
Event: 6.474 Thread 0x0000021ce933b000 Exception <a 'java/lang/NoSuchMethodError'{0x00000000866e0e30}: java.lang.invoke.DirectMethodHandle$Holder.invokeStaticInit(Ljava/lang/Object;Ljava/lang/Object;IIII)Ljava/lang/Object;> (0x00000000866e0e30) thrown at [t:/workspace/open/src/hotspot/share/in

Events (10 events):
Event: 6.836 Thread 0x0000021ce933b000 DEOPT PACKING pc=0x0000021cd2d85d9e sp=0x0000008feb2f8ba0
Event: 6.836 Thread 0x0000021ce933b000 DEOPT UNPACKING pc=0x0000021cd1e9cd4e sp=0x0000008feb2f80c8 mode 0
Event: 6.836 Thread 0x0000021ce933b000 DEOPT PACKING pc=0x0000021cd2d880e5 sp=0x0000008feb2f8d70
Event: 6.836 Thread 0x0000021ce933b000 DEOPT UNPACKING pc=0x0000021cd1e9cd4e sp=0x0000008feb2f81f8 mode 0
Event: 6.836 Thread 0x0000021ce933b000 DEOPT PACKING pc=0x0000021cd2d85d9e sp=0x0000008feb2f8ba0
Event: 6.836 Thread 0x0000021ce933b000 DEOPT UNPACKING pc=0x0000021cd1e9cd4e sp=0x0000008feb2f80c8 mode 0
Event: 6.837 Thread 0x0000021ce933b000 DEOPT PACKING pc=0x0000021cd2d880e5 sp=0x0000008feb2f8d70
Event: 6.837 Thread 0x0000021ce933b000 DEOPT UNPACKING pc=0x0000021cd1e9cd4e sp=0x0000008feb2f81f8 mode 0
Event: 6.837 Thread 0x0000021ce933b000 DEOPT PACKING pc=0x0000021cd2d85d9e sp=0x0000008feb2f8ba0
Event: 6.837 Thread 0x0000021ce933b000 DEOPT UNPACKING pc=0x0000021cd1e9cd4e sp=0x0000008feb2f80c8 mode 0


Dynamic libraries:
0x00007ff6e6790000 - 0x00007ff6e67ce000 	C:\Program Files\Java\jdk-10.0.2\bin\javaw.exe
0x00007ffbc3bd0000 - 0x00007ffbc3dbd000 	C:\WINDOWS\SYSTEM32\ntdll.dll
0x00007ffbc3000000 - 0x00007ffbc30b3000 	C:\WINDOWS\System32\KERNEL32.DLL
0x00007ffbc0590000 - 0x00007ffbc0823000 	C:\WINDOWS\System32\KERNELBASE.dll
0x00007ffbc1130000 - 0x00007ffbc11d3000 	C:\WINDOWS\System32\ADVAPI32.dll
0x00007ffbc3570000 - 0x00007ffbc360e000 	C:\WINDOWS\System32\msvcrt.dll
0x00007ffbc0e10000 - 0x00007ffbc0eae000 	C:\WINDOWS\System32\sechost.dll
0x00007ffbc3440000 - 0x00007ffbc3562000 	C:\WINDOWS\System32\RPCRT4.dll
0x00007ffbc0f60000 - 0x00007ffbc10f7000 	C:\WINDOWS\System32\USER32.dll
0x00007ffbc0570000 - 0x00007ffbc0590000 	C:\WINDOWS\System32\win32u.dll
0x00007ffbc2a00000 - 0x00007ffbc2a29000 	C:\WINDOWS\System32\GDI32.dll
0x00007ffbc0b10000 - 0x00007ffbc0caa000 	C:\WINDOWS\System32\gdi32full.dll
0x00007ffbc0a70000 - 0x00007ffbc0b10000 	C:\WINDOWS\System32\msvcp_win.dll
0x00007ffbc0cd0000 - 0x00007ffbc0dca000 	C:\WINDOWS\System32\ucrtbase.dll
0x00007ffbb0e40000 - 0x00007ffbb10b9000 	C:\WINDOWS\WinSxS\amd64_microsoft.windows.common-controls_6595b64144ccf1df_6.0.17763.379_none_05b83be8071c94a1\COMCTL32.dll
0x00007ffbbee10000 - 0x00007ffbbee1a000 	C:\WINDOWS\SYSTEM32\VERSION.dll
0x00007ffbc2ba0000 - 0x00007ffbc2ecd000 	C:\WINDOWS\System32\combase.dll
0x00007ffbc04f0000 - 0x00007ffbc056e000 	C:\WINDOWS\System32\bcryptPrimitives.dll
0x00007ffbc1100000 - 0x00007ffbc112e000 	C:\WINDOWS\System32\IMM32.DLL
0x00007ffba3030000 - 0x00007ffba311f000 	C:\Program Files\Java\jdk-10.0.2\bin\msvcr120.dll
0x00007ffba2f80000 - 0x00007ffba3026000 	C:\Program Files\Java\jdk-10.0.2\bin\msvcp120.dll
0x00000000555b0000 - 0x0000000056020000 	C:\Program Files\Java\jdk-10.0.2\bin\server\jvm.dll
0x00007ffbc0e00000 - 0x00007ffbc0e08000 	C:\WINDOWS\System32\PSAPI.DLL
0x00007ffbaa120000 - 0x00007ffbaa129000 	C:\WINDOWS\SYSTEM32\WSOCK32.dll
0x00007ffbb9620000 - 0x00007ffbb9644000 	C:\WINDOWS\SYSTEM32\WINMM.dll
0x00007ffbc3350000 - 0x00007ffbc33bd000 	C:\WINDOWS\System32\WS2_32.dll
0x00007ffbb9500000 - 0x00007ffbb952d000 	C:\WINDOWS\SYSTEM32\WINMMBASE.dll
0x00007ffbc04a0000 - 0x00007ffbc04ea000 	C:\WINDOWS\System32\cfgmgr32.dll
0x00007ffbbcb30000 - 0x00007ffbbcb3f000 	C:\Program Files\Java\jdk-10.0.2\bin\verify.dll
0x00007ffbbe4e0000 - 0x00007ffbbe6cd000 	C:\WINDOWS\SYSTEM32\DBGHELP.DLL
0x00007ffbb7ea0000 - 0x00007ffbb7eca000 	C:\WINDOWS\SYSTEM32\dbgcore.DLL
0x00007ffbb1580000 - 0x00007ffbb15a7000 	C:\Program Files\Java\jdk-10.0.2\bin\java.dll
0x00007ffb9e550000 - 0x00007ffb9e586000 	C:\Program Files\Java\jdk-10.0.2\bin\jdwp.dll
0x00007ffbb02c0000 - 0x00007ffbb02ea000 	C:\Program Files\Java\jdk-10.0.2\bin\instrument.dll
0x00007ffbbaec0000 - 0x00007ffbbaed6000 	C:\Program Files\Java\jdk-10.0.2\bin\zip.dll
0x00007ffbbae10000 - 0x00007ffbbae1a000 	C:\Program Files\Java\jdk-10.0.2\bin\jimage.dll
0x00007ffbc14e0000 - 0x00007ffbc29d0000 	C:\WINDOWS\System32\SHELL32.dll
0x00007ffbc0eb0000 - 0x00007ffbc0f58000 	C:\WINDOWS\System32\shcore.dll
0x00007ffbbfca0000 - 0x00007ffbc03ea000 	C:\WINDOWS\System32\windows.storage.dll
0x00007ffbbfc50000 - 0x00007ffbbfc74000 	C:\WINDOWS\System32\profapi.dll
0x00007ffbbfbd0000 - 0x00007ffbbfc2d000 	C:\WINDOWS\System32\powrprof.dll
0x00007ffbc2ed0000 - 0x00007ffbc2f22000 	C:\WINDOWS\System32\shlwapi.dll
0x00007ffbbfc80000 - 0x00007ffbbfc91000 	C:\WINDOWS\System32\kernel.appcore.dll
0x00007ffbc0cb0000 - 0x00007ffbc0cc7000 	C:\WINDOWS\System32\cryptsp.dll
0x00007ffbb7f70000 - 0x00007ffbb7f7a000 	C:\Program Files\Java\jdk-10.0.2\bin\dt_socket.dll
0x00007ffbbf450000 - 0x00007ffbbf4b7000 	C:\WINDOWS\System32\mswsock.dll
0x00007ffbbf1f0000 - 0x00007ffbbf2b6000 	C:\WINDOWS\SYSTEM32\DNSAPI.dll
0x00007ffbc29f0000 - 0x00007ffbc29f8000 	C:\WINDOWS\System32\NSI.dll
0x00007ffbbf1b0000 - 0x00007ffbbf1ed000 	C:\WINDOWS\SYSTEM32\IPHLPAPI.DLL
0x00007ffbafb90000 - 0x00007ffbafc09000 	C:\WINDOWS\System32\fwpuclnt.dll
0x00007ffbc0dd0000 - 0x00007ffbc0df6000 	C:\WINDOWS\System32\bcrypt.dll
0x00007ffbb6f30000 - 0x00007ffbb6f3a000 	C:\Windows\System32\rasadhlp.dll
0x00007ffbb61a0000 - 0x00007ffbb61ba000 	C:\Program Files\Java\jdk-10.0.2\bin\net.dll
0x00007ffbbcfe0000 - 0x00007ffbbd0d1000 	C:\WINDOWS\SYSTEM32\WINHTTP.dll
0x00007ffbb1530000 - 0x00007ffbb1541000 	C:\Program Files\Java\jdk-10.0.2\bin\nio.dll
0x00007ffbb7ef0000 - 0x00007ffbb7ef9000 	C:\Program Files\Java\jdk-10.0.2\bin\management.dll
0x00007ffbb3150000 - 0x00007ffbb315a000 	C:\Program Files\Java\jdk-10.0.2\bin\management_ext.dll
0x00007ffba5230000 - 0x00007ffba5246000 	C:\WINDOWS\system32\napinsp.dll
0x00007ffbb7030000 - 0x00007ffbb704a000 	C:\WINDOWS\system32\pnrpnsp.dll
0x00007ffba5220000 - 0x00007ffba522e000 	C:\WINDOWS\System32\winrnr.dll
0x00007ffbbcad0000 - 0x00007ffbbcaeb000 	C:\WINDOWS\system32\NLAapi.dll
0x00007ffbb7f20000 - 0x00007ffbb7f35000 	C:\WINDOWS\system32\wshbth.dll
0x00007ffbbf010000 - 0x00007ffbbf043000 	C:\WINDOWS\system32\rsaenh.dll
0x00007ffbbfad0000 - 0x00007ffbbfaf8000 	C:\WINDOWS\SYSTEM32\USERENV.dll
0x00007ffbbf620000 - 0x00007ffbbf62c000 	C:\WINDOWS\SYSTEM32\CRYPTBASE.dll
0x00007ffbbadf0000 - 0x00007ffbbae06000 	C:\WINDOWS\SYSTEM32\dhcpcsvc6.DLL
0x00007ffbbb5c0000 - 0x00007ffbbb5dc000 	C:\WINDOWS\SYSTEM32\dhcpcsvc.DLL

dbghelp: loaded successfully - version: 4.0.5 - missing functions: none
symbol engine: initialized successfully - sym options: 0x614 - pdb path: .;C:\Program Files\Java\jdk-10.0.2\bin;C:\WINDOWS\SYSTEM32;C:\WINDOWS\WinSxS\amd64_microsoft.windows.common-controls_6595b64144ccf1df_6.0.17763.379_none_05b83be8071c94a1;C:\Program Files\Java\jdk-10.0.2\bin\server

VM Arguments:
jvm_args: -agentlib:jdwp=transport=dt_socket,suspend=y,address=localhost:52497 -javaagent:C:\Users\Cassiano\Downloads\spring-tool-suite-3.9.5.RELEASE-e4.8.0-win32-x86_64\sts-bundle\sts-3.9.5.RELEASE\configuration\org.eclipse.osgi\316\0\.cp\lib\javaagent-shaded.jar -Dfile.encoding=UTF-8 
java_command: br.com.castgroup.diff.DiffApplication
java_class_path (initial): C:\Users\Cassiano\Desktop\diff\target\classes;C:\Users\Cassiano\.m2\repository\org\springframework\boot\spring-boot-starter-data-jpa\2.1.3.RELEASE\spring-boot-starter-data-jpa-2.1.3.RELEASE.jar;C:\Users\Cassiano\.m2\repository\org\springframework\boot\spring-boot-starter-aop\2.1.3.RELEASE\spring-boot-starter-aop-2.1.3.RELEASE.jar;C:\Users\Cassiano\.m2\repository\org\springframework\spring-aop\5.1.5.RELEASE\spring-aop-5.1.5.RELEASE.jar;C:\Users\Cassiano\.m2\repository\org\aspectj\aspectjweaver\1.9.2\aspectjweaver-1.9.2.jar;C:\Users\Cassiano\.m2\repository\org\springframework\boot\spring-boot-starter-jdbc\2.1.3.RELEASE\spring-boot-starter-jdbc-2.1.3.RELEASE.jar;C:\Users\Cassiano\.m2\repository\com\zaxxer\HikariCP\3.2.0\HikariCP-3.2.0.jar;C:\Users\Cassiano\.m2\repository\org\springframework\spring-jdbc\5.1.5.RELEASE\spring-jdbc-5.1.5.RELEASE.jar;C:\Users\Cassiano\.m2\repository\javax\transaction\javax.transaction-api\1.3\javax.transaction-api-1.3.jar;C:\Users\Cassiano\.m2\repository\javax\xml\bind\jaxb-api\2.3.1\jaxb-api-2.3.1.jar;C:\Users\Cassiano\.m2\repository\javax\activation\javax.activation-api\1.2.0\javax.activation-api-1.2.0.jar;C:\Users\Cassiano\.m2\repository\org\hibernate\hibernate-core\5.3.7.Final\hibernate-core-5.3.7.Final.jar;C:\Users\Cassiano\.m2\repository\org\jboss\logging\jboss-logging\3.3.2.Final\jboss-logging-3.3.2.Final.jar;C:\Users\Cassiano\.m2\repository\javax\persistence\javax.persistence-api\2.2\javax.persistence-api-2.2.jar;C:\Users\Cassiano\.m2\repository\org\javassist\javassist\3.23.1-GA\javassist-3.23.1-GA.jar;C:\Users\Cassiano\.m2\repository\net\bytebuddy\byte-buddy\1.9.10\byte-buddy-1.9.10.jar;C:\Users\Cassiano\.m2\repository\antlr\antlr\2.7.7\antlr-2.7.7.jar;C:\Users\Cassiano\.m2\repository\org\jboss\jandex\2.0.5.Final\jandex-2.0.5.Final.jar;C:\Users\Cassiano\.m2\repository\com\fasterxml\classmate\1.4.0\classmate-1.4.0.jar;C:\Users\Cassiano\.m2\repository\org\dom4j\dom4j\2.1.1\dom4j-2.1.1.jar;C:\Users\Cassian
Launcher Type: SUN_STANDARD

Logging:
Log output configuration:
#0: stdout all=warning uptime,level,tags
#1: stderr all=off uptime,level,tags

Environment Variables:
JAVA_HOME=C:\Program Files\Java\jdk-10.0.2\bin
PATH=C:/Program Files/Java/jre1.8.0_181/bin/server;C:/Program Files/Java/jre1.8.0_181/bin;C:/Program Files/Java/jre1.8.0_181/lib/amd64;C:\Program Files (x86)\Common Files\Oracle\Java\javapath;C:\WINDOWS\system32;C:\WINDOWS;C:\WINDOWS\System32\Wbem;C:\WINDOWS\System32\WindowsPowerShell\v1.0\;C:\WINDOWS\System32\OpenSSH\;C:\Program Files\Git\cmd;C:\Program Files\nodejs\;C:\Program Files (x86)\Intel\Intel(R) Management Engine Components\DAL;C:\Program Files\Intel\Intel(R) Management Engine Components\DAL;C:\Program Files\Java\jdk-10.0.2\bin;C:\Users\Cassiano\AppData\Local\Microsoft\WindowsApps;C:\Users\Cassiano\AppData\Roaming\npm;C:\Users\Cassiano\AppData\Local\Programs\Microsoft VS Code\bin;;C:\Users\Cassiano\Downloads\spring-tool-suite-3.9.5.RELEASE-e4.8.0-win32-x86_64\sts-bundle\sts-3.9.5.RELEASE;
USERNAME=Cassiano
OS=Windows_NT
PROCESSOR_IDENTIFIER=Intel64 Family 6 Model 142 Stepping 10, GenuineIntel



---------------  S Y S T E M  ---------------

OS: Windows 10 , 64 bit Build 17763 (10.0.17763.379)

CPU:total 8 (initial active 8) (4 cores per cpu, 2 threads per core) family 6 model 142 stepping 10, cmov, cx8, fxsr, mmx, sse, sse2, sse3, ssse3, sse4.1, sse4.2, popcnt, avx, avx2, aes, clmul, erms, 3dnowpref, lzcnt, ht, tsc, tscinvbit, bmi1, bmi2, adx, fma

Memory: 4k page, physical 8250416k(991644k free), swap 8250416k(2188k free)

vm_info: Java HotSpot(TM) 64-Bit Server VM (10.0.2+13) for windows-amd64 JRE (10.0.2+13), built on Jun 28 2018 01:57:56 by "mach5one" with MS VC++ 12.0 (VS2013)

END.
