#
# There is insufficient memory for the Java Runtime Environment to continue.
# Native memory allocation (malloc) failed to allocate 3630576 bytes for Chunk::new
# Possible reasons:
#   The system is out of physical RAM or swap space
#   The process is running with CompressedOops enabled, and the Java Heap may be blocking the growth of the native heap
# Possible solutions:
#   Reduce memory load on the system
#   Increase physical memory or swap space
#   Check if swap backing store is full
#   Decrease Java heap size (-Xmx/-Xms)
#   Decrease number of Java threads
#   Decrease Java thread stack sizes (-Xss)
#   Set larger code cache with -XX:ReservedCodeCacheSize=
#   JVM is running with Unscaled Compressed Oops mode in which the Java heap is
#     placed in the first 4GB address space. The Java Heap base address is the
#     maximum limit for the native heap growth. Please use -XX:HeapBaseMinAddress
#     to set the Java Heap base and to place the Java Heap above 4GB virtual address.
# This output file may be truncated or incomplete.
#
#  Out of Memory Error (t:/workspace/open/src/hotspot/share/memory/arena.cpp:198), pid=22708, tid=22788
#
# JRE version: Java(TM) SE Runtime Environment (10.0.2+13) (build 10.0.2+13)
# Java VM: Java HotSpot(TM) 64-Bit Server VM (10.0.2+13, mixed mode, tiered, compressed oops, g1 gc, windows-amd64)
# No core dump will be written. Minidumps are not enabled by default on client versions of Windows
#

---------------  S U M M A R Y ------------

Command Line: -agentlib:jdwp=transport=dt_socket,suspend=y,address=localhost:65064 -ea -javaagent:C:\Users\Cassiano\Downloads\spring-tool-suite-3.9.5.RELEASE-e4.8.0-win32-x86_64\sts-bundle\sts-3.9.5.RELEASE\configuration\org.eclipse.osgi\316\0\.cp\lib\javaagent-shaded.jar -Dfile.encoding=UTF-8 org.eclipse.jdt.internal.junit.runner.RemoteTestRunner -version 3 -port 65063 -testLoaderClass org.eclipse.jdt.internal.junit4.runner.JUnit4TestLoader -loaderpluginname org.eclipse.jdt.junit4.runtime -classNames br.com.castgroup.diff.unit.DiffControllerTest

Host: Intel(R) Core(TM) i7-8550U CPU @ 1.80GHz, 8 cores, 7G,  Windows 10 , 64 bit Build 17763 (10.0.17763.379)
Time: Mon Mar 18 00:32:27 2019 Hora oficial do Brasil elapsed time: 1 seconds (0d 0h 0m 1s)

---------------  T H R E A D  ---------------

Current thread (0x0000022e00a56800):  JavaThread "C2 CompilerThread1" daemon [_thread_in_native, id=22788, stack(0x000000fe60500000,0x000000fe60600000)]


Current CompileTask:
C2:   1961  829       4       org.eclipse.jdt.launching.internal.org.objectweb.asm.ClassReader::readCode (5071 bytes)

Stack: [0x000000fe60500000,0x000000fe60600000]
Native frames: (J=compiled Java code, j=interpreted, Vv=VM code, C=native code)
V  [jvm.dll+0x5a01a9]
V  [jvm.dll+0x6bcf31]
V  [jvm.dll+0x6be126]
V  [jvm.dll+0x6be7b3]
V  [jvm.dll+0x234978]
V  [jvm.dll+0xbb69c]
V  [jvm.dll+0xbbbac]
V  [jvm.dll+0x34bee1]
V  [jvm.dll+0x18f02c]
V  [jvm.dll+0x1fff9d]
V  [jvm.dll+0x1ff116]
V  [jvm.dll+0x17c94b]
V  [jvm.dll+0x20c8dd]
V  [jvm.dll+0x20b6a6]
V  [jvm.dll+0x68b7ff]
V  [jvm.dll+0x59f4b0]
C  [msvcr120.dll+0x24f7f]
C  [msvcr120.dll+0x25126]
C  [KERNEL32.DLL+0x181f4]
C  [ntdll.dll+0x6a251]


---------------  P R O C E S S  ---------------

Threads class SMR info:
_java_thread_list=0x0000022e0156d0b0, length=16, elements={
0x0000022e5e5a0800, 0x0000022e001ee000, 0x0000022e001f0000, 0x0000022e00a4e800,
0x0000022e00a4f000, 0x0000022e00a56000, 0x0000022e00a56800, 0x0000022e001fd000,
0x0000022e001fe000, 0x0000022e00a80000, 0x0000022e011db800, 0x0000022e011a4800,
0x0000022e01137000, 0x0000022e00a66800, 0x0000022e00a67800, 0x0000022e00a61000
}

Java Threads: ( => current thread )
  0x0000022e5e5a0800 JavaThread "main" [_thread_in_vm, id=14200, stack(0x000000fe5ea00000,0x000000fe5eb00000)]
  0x0000022e001ee000 JavaThread "Reference Handler" daemon [_thread_blocked, id=22736, stack(0x000000fe60000000,0x000000fe60100000)]
  0x0000022e001f0000 JavaThread "Finalizer" daemon [_thread_blocked, id=9800, stack(0x000000fe60100000,0x000000fe60200000)]
  0x0000022e00a4e800 JavaThread "Signal Dispatcher" daemon [_thread_blocked, id=22768, stack(0x000000fe60200000,0x000000fe60300000)]
  0x0000022e00a4f000 JavaThread "Attach Listener" daemon [_thread_blocked, id=22756, stack(0x000000fe60300000,0x000000fe60400000)]
  0x0000022e00a56000 JavaThread "C2 CompilerThread0" daemon [_thread_in_native, id=22772, stack(0x000000fe60400000,0x000000fe60500000)]
=>0x0000022e00a56800 JavaThread "C2 CompilerThread1" daemon [_thread_in_native, id=22788, stack(0x000000fe60500000,0x000000fe60600000)]
  0x0000022e001fd000 JavaThread "C2 CompilerThread2" daemon [_thread_in_native, id=12556, stack(0x000000fe60600000,0x000000fe60700000)]
  0x0000022e001fe000 JavaThread "C1 CompilerThread3" daemon [_thread_blocked, id=22784, stack(0x000000fe60700000,0x000000fe60800000)]
  0x0000022e00a80000 JavaThread "Sweeper thread" daemon [_thread_blocked, id=21452, stack(0x000000fe60800000,0x000000fe60900000)]
  0x0000022e011db800 JavaThread "JDWP Transport Listener: dt_socket" daemon [_thread_blocked, id=22524, stack(0x000000fe60900000,0x000000fe60a00000)]
  0x0000022e011a4800 JavaThread "JDWP Event Helper Thread" daemon [_thread_blocked, id=17940, stack(0x000000fe60a00000,0x000000fe60b00000)]
  0x0000022e01137000 JavaThread "JDWP Command Reader" daemon [_thread_in_native, id=13504, stack(0x000000fe60b00000,0x000000fe60c00000)]
  0x0000022e00a66800 JavaThread "Common-Cleaner" daemon [_thread_blocked, id=22716, stack(0x000000fe60c00000,0x000000fe60d00000)]
  0x0000022e00a67800 JavaThread "Service Thread" daemon [_thread_blocked, id=9596, stack(0x000000fe60d00000,0x000000fe60e00000)]
  0x0000022e00a61000 JavaThread "ReaderThread" [_thread_in_native, id=16596, stack(0x000000fe60f00000,0x000000fe61000000)]

Other Threads:
  0x0000022e001e9000 VMThread "VM Thread" [stack: 0x000000fe5ff00000,0x000000fe60000000] [id=22740]
  0x0000022e01533800 WatcherThread [stack: 0x000000fe60e00000,0x000000fe60f00000] [id=13632]
  0x0000022e5e5bb800 GCTaskThread "GC Thread#0" [stack: 0x000000fe5eb00000,0x000000fe5ec00000] [id=22632]
  0x0000022e5e5bd000 GCTaskThread "GC Thread#1" [stack: 0x000000fe5ec00000,0x000000fe5ed00000] [id=22648]
  0x0000022e5e5bf000 GCTaskThread "GC Thread#2" [stack: 0x000000fe5ed00000,0x000000fe5ee00000] [id=22724]
  0x0000022e5e5c5800 GCTaskThread "GC Thread#3" [stack: 0x000000fe5ee00000,0x000000fe5ef00000] [id=21812]
  0x0000022e5e5d5000 GCTaskThread "GC Thread#4" [stack: 0x000000fe5ef00000,0x000000fe5f000000] [id=22652]
  0x0000022e5e5d6800 GCTaskThread "GC Thread#5" [stack: 0x000000fe5f000000,0x000000fe5f100000] [id=13480]
  0x0000022e5e5d7800 GCTaskThread "GC Thread#6" [stack: 0x000000fe5f100000,0x000000fe5f200000] [id=18380]
  0x0000022e5e5d8800 GCTaskThread "GC Thread#7" [stack: 0x000000fe5f200000,0x000000fe5f300000] [id=14908]
  0x0000022e5e643000 ConcurrentGCThread "G1 Main Marker" [stack: 0x000000fe5f300000,0x000000fe5f400000] [id=21828]
  0x0000022e5e644000 ConcurrentGCThread "G1 Conc#0" [stack: 0x000000fe5f400000,0x000000fe5f500000] [id=22664]
  0x0000022e5e647000 ConcurrentGCThread "G1 Conc#1" [stack: 0x000000fe5f500000,0x000000fe5f600000] [id=20580]
  0x0000022e00060800 ConcurrentGCThread "G1 Refine#0" [stack: 0x000000fe5f600000,0x000000fe5f700000] [id=22668]
  0x0000022e00061800 ConcurrentGCThread "G1 Refine#1" [stack: 0x000000fe5f700000,0x000000fe5f800000] [id=22684]
  0x0000022e00064800 ConcurrentGCThread "G1 Refine#2" [stack: 0x000000fe5f800000,0x000000fe5f900000] [id=22680]
  0x0000022e00067800 ConcurrentGCThread "G1 Refine#3" [stack: 0x000000fe5f900000,0x000000fe5fa00000] [id=22696]
  0x0000022e00070800 ConcurrentGCThread "G1 Refine#4" [stack: 0x000000fe5fa00000,0x000000fe5fb00000] [id=4936]
  0x0000022e00071800 ConcurrentGCThread "G1 Refine#5" [stack: 0x000000fe5fb00000,0x000000fe5fc00000] [id=15216]
  0x0000022e0007d800 ConcurrentGCThread "G1 Refine#6" [stack: 0x000000fe5fc00000,0x000000fe5fd00000] [id=22712]
  0x0000022e0007e000 ConcurrentGCThread "G1 Refine#7" [stack: 0x000000fe5fd00000,0x000000fe5fe00000] [id=10004]
  0x0000022e00081000 ConcurrentGCThread "G1 Young RemSet Sampling" [stack: 0x000000fe5fe00000,0x000000fe5ff00000] [id=10960]

Threads with active compile tasks:
C2 CompilerThread01303       4       org.eclipse.jdt.launching.internal.org.objectweb.asm.ClassReader::readMethod (1134 bytes)
C2 CompilerThread1 829       4       org.eclipse.jdt.launching.internal.org.objectweb.asm.ClassReader::readCode (5071 bytes)
C2 CompilerThread21325       4       org.eclipse.jdt.launching.internal.org.objectweb.asm.MethodWriter::putMethodInfo (1428 bytes)
C1 CompilerThread31359       3       net.bytebuddy.description.type.TypeDefinition$Sort::describe (127 bytes)

VM state:not at safepoint (normal execution)

VM Mutex/Monitor currently owned by a thread: None

Heap address: 0x0000000082000000, size: 2016 MB, Compressed Oops mode: 32-bit
Narrow klass base: 0x0000000000000000, Narrow klass shift: 3
Compressed class space size: 1073741824 Address: 0x0000000100000000

Heap:
 garbage-first heap   total 129024K, used 50530K [0x0000000082000000, 0x0000000100000000)
  region size 1024K, 48 young (49152K), 3 survivors (3072K)
 Metaspace       used 16101K, capacity 16412K, committed 16640K, reserved 1064960K
  class space    used 1673K, capacity 1762K, committed 1792K, reserved 1048576K
Heap Regions: E=young(eden), S=young(survivor), O=old, HS=humongous(starts), HC=humongous(continues), CS=collection set, F=free, A=archive, TS=gc time stamp, AC=allocation context, TAMS=top-at-mark-start (previous, next)
|   0|0x0000000082000000, 0x0000000082100000, 0x0000000082100000|100%| O|  |TS  1|AC  0|TAMS 0x0000000082000000, 0x0000000082000000|
|   1|0x0000000082100000, 0x0000000082200000, 0x0000000082200000|100%| O|  |TS  1|AC  0|TAMS 0x0000000082100000, 0x0000000082100000|
|   2|0x0000000082200000, 0x0000000082258a00, 0x0000000082300000| 34%| O|  |TS  1|AC  0|TAMS 0x0000000082200000, 0x0000000082200000|
|   3|0x0000000082300000, 0x0000000082300000, 0x0000000082400000|  0%| F|  |TS  0|AC  0|TAMS 0x0000000082300000, 0x0000000082300000|
|   4|0x0000000082400000, 0x0000000082400000, 0x0000000082500000|  0%| F|  |TS  0|AC  0|TAMS 0x0000000082400000, 0x0000000082400000|
|   5|0x0000000082500000, 0x0000000082500000, 0x0000000082600000|  0%| F|  |TS  0|AC  0|TAMS 0x0000000082500000, 0x0000000082500000|
|   6|0x0000000082600000, 0x0000000082600000, 0x0000000082700000|  0%| F|  |TS  0|AC  0|TAMS 0x0000000082600000, 0x0000000082600000|
|   7|0x0000000082700000, 0x0000000082700000, 0x0000000082800000|  0%| F|  |TS  0|AC  0|TAMS 0x0000000082700000, 0x0000000082700000|
|   8|0x0000000082800000, 0x0000000082800000, 0x0000000082900000|  0%| F|  |TS  0|AC  0|TAMS 0x0000000082800000, 0x0000000082800000|
|   9|0x0000000082900000, 0x0000000082900000, 0x0000000082a00000|  0%| F|  |TS  0|AC  0|TAMS 0x0000000082900000, 0x0000000082900000|
|  10|0x0000000082a00000, 0x0000000082a00000, 0x0000000082b00000|  0%| F|  |TS  0|AC  0|TAMS 0x0000000082a00000, 0x0000000082a00000|
|  11|0x0000000082b00000, 0x0000000082b00000, 0x0000000082c00000|  0%| F|  |TS  0|AC  0|TAMS 0x0000000082b00000, 0x0000000082b00000|
|  12|0x0000000082c00000, 0x0000000082c00000, 0x0000000082d00000|  0%| F|  |TS  0|AC  0|TAMS 0x0000000082c00000, 0x0000000082c00000|
|  13|0x0000000082d00000, 0x0000000082d00000, 0x0000000082e00000|  0%| F|  |TS  0|AC  0|TAMS 0x0000000082d00000, 0x0000000082d00000|
|  14|0x0000000082e00000, 0x0000000082e00000, 0x0000000082f00000|  0%| F|  |TS  0|AC  0|TAMS 0x0000000082e00000, 0x0000000082e00000|
|  15|0x0000000082f00000, 0x0000000082f00000, 0x0000000083000000|  0%| F|  |TS  0|AC  0|TAMS 0x0000000082f00000, 0x0000000082f00000|
|  16|0x0000000083000000, 0x0000000083000000, 0x0000000083100000|  0%| F|  |TS  0|AC  0|TAMS 0x0000000083000000, 0x0000000083000000|
|  17|0x0000000083100000, 0x0000000083100000, 0x0000000083200000|  0%| F|  |TS  0|AC  0|TAMS 0x0000000083100000, 0x0000000083100000|
|  18|0x0000000083200000, 0x0000000083200000, 0x0000000083300000|  0%| F|  |TS  0|AC  0|TAMS 0x0000000083200000, 0x0000000083200000|
|  19|0x0000000083300000, 0x0000000083300000, 0x0000000083400000|  0%| F|  |TS  0|AC  0|TAMS 0x0000000083300000, 0x0000000083300000|
|  20|0x0000000083400000, 0x0000000083400000, 0x0000000083500000|  0%| F|  |TS  0|AC  0|TAMS 0x0000000083400000, 0x0000000083400000|
|  21|0x0000000083500000, 0x0000000083500000, 0x0000000083600000|  0%| F|  |TS  0|AC  0|TAMS 0x0000000083500000, 0x0000000083500000|
|  22|0x0000000083600000, 0x0000000083600000, 0x0000000083700000|  0%| F|  |TS  0|AC  0|TAMS 0x0000000083600000, 0x0000000083600000|
|  23|0x0000000083700000, 0x0000000083700000, 0x0000000083800000|  0%| F|  |TS  0|AC  0|TAMS 0x0000000083700000, 0x0000000083700000|
|  24|0x0000000083800000, 0x0000000083800000, 0x0000000083900000|  0%| F|  |TS  0|AC  0|TAMS 0x0000000083800000, 0x0000000083800000|
|  25|0x0000000083900000, 0x0000000083900000, 0x0000000083a00000|  0%| F|  |TS  0|AC  0|TAMS 0x0000000083900000, 0x0000000083900000|
|  26|0x0000000083a00000, 0x0000000083a00000, 0x0000000083b00000|  0%| F|  |TS  0|AC  0|TAMS 0x0000000083a00000, 0x0000000083a00000|
|  27|0x0000000083b00000, 0x0000000083b00000, 0x0000000083c00000|  0%| F|  |TS  0|AC  0|TAMS 0x0000000083b00000, 0x0000000083b00000|
|  28|0x0000000083c00000, 0x0000000083c00000, 0x0000000083d00000|  0%| F|  |TS  0|AC  0|TAMS 0x0000000083c00000, 0x0000000083c00000|
|  29|0x0000000083d00000, 0x0000000083d00000, 0x0000000083e00000|  0%| F|  |TS  0|AC  0|TAMS 0x0000000083d00000, 0x0000000083d00000|
|  30|0x0000000083e00000, 0x0000000083e00000, 0x0000000083f00000|  0%| F|  |TS  0|AC  0|TAMS 0x0000000083e00000, 0x0000000083e00000|
|  31|0x0000000083f00000, 0x0000000083f00000, 0x0000000084000000|  0%| F|  |TS  0|AC  0|TAMS 0x0000000083f00000, 0x0000000083f00000|
|  32|0x0000000084000000, 0x0000000084000000, 0x0000000084100000|  0%| F|  |TS  0|AC  0|TAMS 0x0000000084000000, 0x0000000084000000|
|  33|0x0000000084100000, 0x0000000084100000, 0x0000000084200000|  0%| F|  |TS  0|AC  0|TAMS 0x0000000084100000, 0x0000000084100000|
|  34|0x0000000084200000, 0x0000000084200000, 0x0000000084300000|  0%| F|  |TS  0|AC  0|TAMS 0x0000000084200000, 0x0000000084200000|
|  35|0x0000000084300000, 0x0000000084300000, 0x0000000084400000|  0%| F|  |TS  0|AC  0|TAMS 0x0000000084300000, 0x0000000084300000|
|  36|0x0000000084400000, 0x0000000084400000, 0x0000000084500000|  0%| F|  |TS  0|AC  0|TAMS 0x0000000084400000, 0x0000000084400000|
|  37|0x0000000084500000, 0x0000000084500000, 0x0000000084600000|  0%| F|  |TS  0|AC  0|TAMS 0x0000000084500000, 0x0000000084500000|
|  38|0x0000000084600000, 0x0000000084600000, 0x0000000084700000|  0%| F|  |TS  0|AC  0|TAMS 0x0000000084600000, 0x0000000084600000|
|  39|0x0000000084700000, 0x0000000084700000, 0x0000000084800000|  0%| F|  |TS  0|AC  0|TAMS 0x0000000084700000, 0x0000000084700000|
|  40|0x0000000084800000, 0x0000000084800000, 0x0000000084900000|  0%| F|  |TS  0|AC  0|TAMS 0x0000000084800000, 0x0000000084800000|
|  41|0x0000000084900000, 0x0000000084900000, 0x0000000084a00000|  0%| F|  |TS  0|AC  0|TAMS 0x0000000084900000, 0x0000000084900000|
|  42|0x0000000084a00000, 0x0000000084a00000, 0x0000000084b00000|  0%| F|  |TS  0|AC  0|TAMS 0x0000000084a00000, 0x0000000084a00000|
|  43|0x0000000084b00000, 0x0000000084b00000, 0x0000000084c00000|  0%| F|  |TS  0|AC  0|TAMS 0x0000000084b00000, 0x0000000084b00000|
|  44|0x0000000084c00000, 0x0000000084c00000, 0x0000000084d00000|  0%| F|  |TS  0|AC  0|TAMS 0x0000000084c00000, 0x0000000084c00000|
|  45|0x0000000084d00000, 0x0000000084d00000, 0x0000000084e00000|  0%| F|  |TS  0|AC  0|TAMS 0x0000000084d00000, 0x0000000084d00000|
|  46|0x0000000084e00000, 0x0000000084e00000, 0x0000000084f00000|  0%| F|  |TS  0|AC  0|TAMS 0x0000000084e00000, 0x0000000084e00000|
|  47|0x0000000084f00000, 0x0000000084f00000, 0x0000000085000000|  0%| F|  |TS  0|AC  0|TAMS 0x0000000084f00000, 0x0000000084f00000|
|  48|0x0000000085000000, 0x0000000085000000, 0x0000000085100000|  0%| F|  |TS  0|AC  0|TAMS 0x0000000085000000, 0x0000000085000000|
|  49|0x0000000085100000, 0x0000000085100000, 0x0000000085200000|  0%| F|  |TS  0|AC  0|TAMS 0x0000000085100000, 0x0000000085100000|
|  50|0x0000000085200000, 0x0000000085200000, 0x0000000085300000|  0%| F|  |TS  0|AC  0|TAMS 0x0000000085200000, 0x0000000085200000|
|  51|0x0000000085300000, 0x0000000085300000, 0x0000000085400000|  0%| F|  |TS  0|AC  0|TAMS 0x0000000085300000, 0x0000000085300000|
|  52|0x0000000085400000, 0x0000000085400000, 0x0000000085500000|  0%| F|  |TS  0|AC  0|TAMS 0x0000000085400000, 0x0000000085400000|
|  53|0x0000000085500000, 0x0000000085500000, 0x0000000085600000|  0%| F|  |TS  0|AC  0|TAMS 0x0000000085500000, 0x0000000085500000|
|  54|0x0000000085600000, 0x0000000085600000, 0x0000000085700000|  0%| F|  |TS  0|AC  0|TAMS 0x0000000085600000, 0x0000000085600000|
|  55|0x0000000085700000, 0x0000000085700000, 0x0000000085800000|  0%| F|  |TS  0|AC  0|TAMS 0x0000000085700000, 0x0000000085700000|
|  56|0x0000000085800000, 0x0000000085800000, 0x0000000085900000|  0%| F|  |TS  0|AC  0|TAMS 0x0000000085800000, 0x0000000085800000|
|  57|0x0000000085900000, 0x0000000085900000, 0x0000000085a00000|  0%| F|  |TS  0|AC  0|TAMS 0x0000000085900000, 0x0000000085900000|
|  58|0x0000000085a00000, 0x0000000085a00000, 0x0000000085b00000|  0%| F|  |TS  0|AC  0|TAMS 0x0000000085a00000, 0x0000000085a00000|
|  59|0x0000000085b00000, 0x0000000085b00000, 0x0000000085c00000|  0%| F|  |TS  0|AC  0|TAMS 0x0000000085b00000, 0x0000000085b00000|
|  60|0x0000000085c00000, 0x0000000085c00000, 0x0000000085d00000|  0%| F|  |TS  0|AC  0|TAMS 0x0000000085c00000, 0x0000000085c00000|
|  61|0x0000000085d00000, 0x0000000085d00000, 0x0000000085e00000|  0%| F|  |TS  0|AC  0|TAMS 0x0000000085d00000, 0x0000000085d00000|
|  62|0x0000000085e00000, 0x0000000085e00000, 0x0000000085f00000|  0%| F|  |TS  0|AC  0|TAMS 0x0000000085e00000, 0x0000000085e00000|
|  63|0x0000000085f00000, 0x0000000085f00000, 0x0000000086000000|  0%| F|  |TS  0|AC  0|TAMS 0x0000000085f00000, 0x0000000085f00000|
|  64|0x0000000086000000, 0x0000000086000000, 0x0000000086100000|  0%| F|  |TS  0|AC  0|TAMS 0x0000000086000000, 0x0000000086000000|
|  65|0x0000000086100000, 0x0000000086100000, 0x0000000086200000|  0%| F|  |TS  0|AC  0|TAMS 0x0000000086100000, 0x0000000086100000|
|  66|0x0000000086200000, 0x0000000086200000, 0x0000000086300000|  0%| F|  |TS  0|AC  0|TAMS 0x0000000086200000, 0x0000000086200000|
|  67|0x0000000086300000, 0x0000000086300000, 0x0000000086400000|  0%| F|  |TS  0|AC  0|TAMS 0x0000000086300000, 0x0000000086300000|
|  68|0x0000000086400000, 0x0000000086400000, 0x0000000086500000|  0%| F|  |TS  0|AC  0|TAMS 0x0000000086400000, 0x0000000086400000|
|  69|0x0000000086500000, 0x0000000086500000, 0x0000000086600000|  0%| F|  |TS  0|AC  0|TAMS 0x0000000086500000, 0x0000000086500000|
|  70|0x0000000086600000, 0x0000000086600000, 0x0000000086700000|  0%| F|  |TS  0|AC  0|TAMS 0x0000000086600000, 0x0000000086600000|
|  71|0x0000000086700000, 0x0000000086700000, 0x0000000086800000|  0%| F|  |TS  0|AC  0|TAMS 0x0000000086700000, 0x0000000086700000|
|  72|0x0000000086800000, 0x0000000086800000, 0x0000000086900000|  0%| F|  |TS  0|AC  0|TAMS 0x0000000086800000, 0x0000000086800000|
|  73|0x0000000086900000, 0x0000000086900000, 0x0000000086a00000|  0%| F|  |TS  0|AC  0|TAMS 0x0000000086900000, 0x0000000086900000|
|  74|0x0000000086a00000, 0x0000000086a00000, 0x0000000086b00000|  0%| F|  |TS  0|AC  0|TAMS 0x0000000086a00000, 0x0000000086a00000|
|  75|0x0000000086b00000, 0x0000000086b00000, 0x0000000086c00000|  0%| F|  |TS  0|AC  0|TAMS 0x0000000086b00000, 0x0000000086b00000|
|  76|0x0000000086c00000, 0x0000000086c00000, 0x0000000086d00000|  0%| F|  |TS  0|AC  0|TAMS 0x0000000086c00000, 0x0000000086c00000|
|  77|0x0000000086d00000, 0x0000000086d00000, 0x0000000086e00000|  0%| F|  |TS  0|AC  0|TAMS 0x0000000086d00000, 0x0000000086d00000|
|  78|0x0000000086e00000, 0x0000000086e80800, 0x0000000086f00000| 50%| E|  |TS  0|AC  0|TAMS 0x0000000086e00000, 0x0000000086e00000|
|  79|0x0000000086f00000, 0x0000000087000000, 0x0000000087000000|100%| E|CS|TS  0|AC  0|TAMS 0x0000000086f00000, 0x0000000086f00000|
|  80|0x0000000087000000, 0x0000000087100000, 0x0000000087100000|100%| E|CS|TS  0|AC  0|TAMS 0x0000000087000000, 0x0000000087000000|
|  81|0x0000000087100000, 0x0000000087200000, 0x0000000087200000|100%| E|CS|TS  0|AC  0|TAMS 0x0000000087100000, 0x0000000087100000|
|  82|0x0000000087200000, 0x0000000087300000, 0x0000000087300000|100%| E|CS|TS  0|AC  0|TAMS 0x0000000087200000, 0x0000000087200000|
|  83|0x0000000087300000, 0x0000000087400000, 0x0000000087400000|100%| E|CS|TS  0|AC  0|TAMS 0x0000000087300000, 0x0000000087300000|
|  84|0x0000000087400000, 0x0000000087500000, 0x0000000087500000|100%| E|CS|TS  0|AC  0|TAMS 0x0000000087400000, 0x0000000087400000|
|  85|0x0000000087500000, 0x0000000087600000, 0x0000000087600000|100%| E|CS|TS  0|AC  0|TAMS 0x0000000087500000, 0x0000000087500000|
|  86|0x0000000087600000, 0x0000000087700000, 0x0000000087700000|100%| E|CS|TS  0|AC  0|TAMS 0x0000000087600000, 0x0000000087600000|
|  87|0x0000000087700000, 0x0000000087800000, 0x0000000087800000|100%| E|CS|TS  0|AC  0|TAMS 0x0000000087700000, 0x0000000087700000|
|  88|0x0000000087800000, 0x0000000087900000, 0x0000000087900000|100%| E|CS|TS  0|AC  0|TAMS 0x0000000087800000, 0x0000000087800000|
|  89|0x0000000087900000, 0x0000000087a00000, 0x0000000087a00000|100%| E|CS|TS  0|AC  0|TAMS 0x0000000087900000, 0x0000000087900000|
|  90|0x0000000087a00000, 0x0000000087b00000, 0x0000000087b00000|100%| E|CS|TS  0|AC  0|TAMS 0x0000000087a00000, 0x0000000087a00000|
|  91|0x0000000087b00000, 0x0000000087c00000, 0x0000000087c00000|100%| E|CS|TS  0|AC  0|TAMS 0x0000000087b00000, 0x0000000087b00000|
|  92|0x0000000087c00000, 0x0000000087d00000, 0x0000000087d00000|100%| E|CS|TS  0|AC  0|TAMS 0x0000000087c00000, 0x0000000087c00000|
|  93|0x0000000087d00000, 0x0000000087e00000, 0x0000000087e00000|100%| E|CS|TS  0|AC  0|TAMS 0x0000000087d00000, 0x0000000087d00000|
|  94|0x0000000087e00000, 0x0000000087f00000, 0x0000000087f00000|100%| E|CS|TS  0|AC  0|TAMS 0x0000000087e00000, 0x0000000087e00000|
|  95|0x0000000087f00000, 0x0000000088000000, 0x0000000088000000|100%| E|CS|TS  0|AC  0|TAMS 0x0000000087f00000, 0x0000000087f00000|
|  96|0x0000000088000000, 0x0000000088100000, 0x0000000088100000|100%| E|CS|TS  0|AC  0|TAMS 0x0000000088000000, 0x0000000088000000|
|  97|0x0000000088100000, 0x0000000088200000, 0x0000000088200000|100%| E|CS|TS  0|AC  0|TAMS 0x0000000088100000, 0x0000000088100000|
|  98|0x0000000088200000, 0x0000000088300000, 0x0000000088300000|100%| E|CS|TS  0|AC  0|TAMS 0x0000000088200000, 0x0000000088200000|
|  99|0x0000000088300000, 0x0000000088400000, 0x0000000088400000|100%| S|CS|TS  1|AC  0|TAMS 0x0000000088300000, 0x0000000088300000|
| 100|0x0000000088400000, 0x0000000088500000, 0x0000000088500000|100%| S|CS|TS  1|AC  0|TAMS 0x0000000088400000, 0x0000000088400000|
| 101|0x0000000088500000, 0x0000000088600000, 0x0000000088600000|100%| S|CS|TS  1|AC  0|TAMS 0x0000000088500000, 0x0000000088500000|
| 102|0x0000000088600000, 0x0000000088700000, 0x0000000088700000|100%| E|CS|TS  1|AC  0|TAMS 0x0000000088600000, 0x0000000088600000|
| 103|0x0000000088700000, 0x0000000088800000, 0x0000000088800000|100%| E|CS|TS  1|AC  0|TAMS 0x0000000088700000, 0x0000000088700000|
| 104|0x0000000088800000, 0x0000000088900000, 0x0000000088900000|100%| E|CS|TS  1|AC  0|TAMS 0x0000000088800000, 0x0000000088800000|
| 105|0x0000000088900000, 0x0000000088a00000, 0x0000000088a00000|100%| E|CS|TS  1|AC  0|TAMS 0x0000000088900000, 0x0000000088900000|
| 106|0x0000000088a00000, 0x0000000088b00000, 0x0000000088b00000|100%| E|CS|TS  1|AC  0|TAMS 0x0000000088a00000, 0x0000000088a00000|
| 107|0x0000000088b00000, 0x0000000088c00000, 0x0000000088c00000|100%| E|CS|TS  1|AC  0|TAMS 0x0000000088b00000, 0x0000000088b00000|
| 108|0x0000000088c00000, 0x0000000088d00000, 0x0000000088d00000|100%| E|CS|TS  1|AC  0|TAMS 0x0000000088c00000, 0x0000000088c00000|
| 109|0x0000000088d00000, 0x0000000088e00000, 0x0000000088e00000|100%| E|CS|TS  1|AC  0|TAMS 0x0000000088d00000, 0x0000000088d00000|
| 110|0x0000000088e00000, 0x0000000088f00000, 0x0000000088f00000|100%| E|CS|TS  1|AC  0|TAMS 0x0000000088e00000, 0x0000000088e00000|
| 111|0x0000000088f00000, 0x0000000089000000, 0x0000000089000000|100%| E|CS|TS  1|AC  0|TAMS 0x0000000088f00000, 0x0000000088f00000|
| 112|0x0000000089000000, 0x0000000089100000, 0x0000000089100000|100%| E|CS|TS  1|AC  0|TAMS 0x0000000089000000, 0x0000000089000000|
| 113|0x0000000089100000, 0x0000000089200000, 0x0000000089200000|100%| E|CS|TS  1|AC  0|TAMS 0x0000000089100000, 0x0000000089100000|
| 114|0x0000000089200000, 0x0000000089300000, 0x0000000089300000|100%| E|CS|TS  1|AC  0|TAMS 0x0000000089200000, 0x0000000089200000|
| 115|0x0000000089300000, 0x0000000089400000, 0x0000000089400000|100%| E|CS|TS  1|AC  0|TAMS 0x0000000089300000, 0x0000000089300000|
| 116|0x0000000089400000, 0x0000000089500000, 0x0000000089500000|100%| E|CS|TS  1|AC  0|TAMS 0x0000000089400000, 0x0000000089400000|
| 117|0x0000000089500000, 0x0000000089600000, 0x0000000089600000|100%| E|CS|TS  1|AC  0|TAMS 0x0000000089500000, 0x0000000089500000|
| 118|0x0000000089600000, 0x0000000089700000, 0x0000000089700000|100%| E|CS|TS  1|AC  0|TAMS 0x0000000089600000, 0x0000000089600000|
| 119|0x0000000089700000, 0x0000000089800000, 0x0000000089800000|100%| E|CS|TS  1|AC  0|TAMS 0x0000000089700000, 0x0000000089700000|
| 120|0x0000000089800000, 0x0000000089900000, 0x0000000089900000|100%| E|CS|TS  1|AC  0|TAMS 0x0000000089800000, 0x0000000089800000|
| 121|0x0000000089900000, 0x0000000089a00000, 0x0000000089a00000|100%| E|CS|TS  1|AC  0|TAMS 0x0000000089900000, 0x0000000089900000|
| 122|0x0000000089a00000, 0x0000000089b00000, 0x0000000089b00000|100%| E|CS|TS  1|AC  0|TAMS 0x0000000089a00000, 0x0000000089a00000|
| 123|0x0000000089b00000, 0x0000000089c00000, 0x0000000089c00000|100%| E|CS|TS  1|AC  0|TAMS 0x0000000089b00000, 0x0000000089b00000|
| 124|0x0000000089c00000, 0x0000000089d00000, 0x0000000089d00000|100%| E|CS|TS  1|AC  0|TAMS 0x0000000089c00000, 0x0000000089c00000|
| 125|0x0000000089d00000, 0x0000000089e00000, 0x0000000089e00000|100%| E|CS|TS  1|AC  0|TAMS 0x0000000089d00000, 0x0000000089d00000|

Card table byte_map: [0x0000022e79040000,0x0000022e79430000] byte_map_base: 0x0000022e78c30000

Marking Bits (Prev, Next): (CMBitMap*) 0x0000022e5e6421d0, (CMBitMap*) 0x0000022e5e642208
 Prev Bits: [0x0000022e79820000, 0x0000022e7b7a0000)
 Next Bits: [0x0000022e7b7a0000, 0x0000022e7d720000)

Polling page: 0x0000022e5c370000

CodeHeap 'non-profiled nmethods': size=120000Kb used=692Kb max_used=692Kb free=119307Kb
 bounds [0x0000022e713f0000, 0x0000022e71660000, 0x0000022e78920000]
CodeHeap 'profiled nmethods': size=120000Kb used=2953Kb max_used=2953Kb free=117046Kb
 bounds [0x0000022e69ec0000, 0x0000022e6a1b0000, 0x0000022e713f0000]
CodeHeap 'non-nmethods': size=5760Kb used=1167Kb max_used=1186Kb free=4592Kb
 bounds [0x0000022e69920000, 0x0000022e69b90000, 0x0000022e69ec0000]
 total_blobs=2148 nmethods=1365 adapters=303
 compilation: enabled

Compilation events (10 events):
Event: 1.867 Thread 0x0000022e001fe000 1301       3       java.util.jar.JarFile::access$000 (5 bytes)
Event: 1.867 Thread 0x0000022e001fe000 nmethod 1301 0x0000022e6a18af90 code [0x0000022e6a18b140, 0x0000022e6a18b2d0]
Event: 1.879 Thread 0x0000022e001fd000 1302       4       org.eclipse.jdt.launching.internal.org.objectweb.asm.Type::getArgumentsAndReturnSizes (138 bytes)
Event: 1.881 Thread 0x0000022e00a56000 1303       4       org.eclipse.jdt.launching.internal.org.objectweb.asm.ClassReader::readMethod (1134 bytes)
Event: 1.900 Thread 0x0000022e001fd000 nmethod 1302 0x0000022e71492310 code [0x0000022e71492560, 0x0000022e71493270]
Event: 1.900 Thread 0x0000022e001fd000 1304       4       java.util.HashMap::get (23 bytes)
Event: 1.907 Thread 0x0000022e001fd000 nmethod 1304 0x0000022e71493b90 code [0x0000022e71493d40, 0x0000022e71493ff8]
Event: 1.907 Thread 0x0000022e001fd000 1305       4       org.eclipse.jdt.launching.internal.org.objectweb.asm.ClassVisitor::visitMethod (24 bytes)
Event: 1.947 Thread 0x0000022e001fd000 nmethod 1305 0x0000022e71494290 code [0x0000022e714944a0, 0x0000022e71495b10]
Event: 1.947 Thread 0x0000022e001fd000 1306       4       org.eclipse.jdt.launching.internal.org.objectweb.asm.MethodWriter::visitFieldInsn (258 bytes)

GC Heap History (2 events):
Event: 1.436 GC heap before
{Heap before GC invocations=0 (full 0):
 garbage-first heap   total 129024K, used 24576K [0x0000000082000000, 0x0000000100000000)
  region size 1024K, 24 young (24576K), 0 survivors (0K)
 Metaspace       used 12155K, capacity 12377K, committed 12672K, reserved 1060864K
  class space    used 1070K, capacity 1122K, committed 1152K, reserved 1048576K
}
Event: 1.441 GC heap after
{Heap after GC invocations=1 (full 0):
 garbage-first heap   total 129024K, used 5474K [0x0000000082000000, 0x0000000100000000)
  region size 1024K, 3 young (3072K), 3 survivors (3072K)
 Metaspace       used 12155K, capacity 12377K, committed 12672K, reserved 1060864K
  class space    used 1070K, capacity 1122K, committed 1152K, reserved 1048576K
}

Deoptimization events (10 events):
Event: 1.382 Thread 0x0000022e5e5a0800 Uncommon trap: reason=unstable_if action=reinterpret pc=0x0000022e71409734 method=java.lang.AbstractStringBuilder.isLatin1()Z @ 10 c2
Event: 1.382 Thread 0x0000022e5e5a0800 Uncommon trap: reason=unstable_if action=reinterpret pc=0x0000022e71415bfc method=java.lang.AbstractStringBuilder.isLatin1()Z @ 10 c2
Event: 1.395 Thread 0x0000022e5e5a0800 Uncommon trap: reason=unstable_if action=reinterpret pc=0x0000022e714034dc method=java.lang.StringLatin1.canEncode(I)Z @ 4 c2
Event: 1.443 Thread 0x0000022e5e5a0800 Uncommon trap: reason=unstable_if action=reinterpret pc=0x0000022e71457e88 method=java.lang.ref.SoftReference.get()Ljava/lang/Object; @ 17 c2
Event: 1.458 Thread 0x0000022e5e5a0800 Uncommon trap: reason=unstable_if action=reinterpret pc=0x0000022e71440734 method=java.util.HashMap.getNode(ILjava/lang/Object;)Ljava/util/HashMap$Node; @ 129 c2
Event: 1.472 Thread 0x0000022e5e5a0800 Uncommon trap: reason=class_check action=maybe_recompile pc=0x0000022e7143aac0 method=java.util.HashMap.putVal(ILjava/lang/Object;Ljava/lang/Object;ZZ)Ljava/lang/Object; @ 253 c2
Event: 1.621 Thread 0x0000022e5e5a0800 Uncommon trap: reason=unstable_if action=reinterpret pc=0x0000022e71405400 method=java.io.WinNTFileSystem.isSlash(C)Z @ 9 c2
Event: 1.621 Thread 0x0000022e5e5a0800 Uncommon trap: reason=unstable_if action=reinterpret pc=0x0000022e71446808 method=java.util.jar.JarFile.checkForSpecialAttributes()V @ 4 c2
Event: 1.623 Thread 0x0000022e5e5a0800 Uncommon trap: reason=unstable_if action=reinterpret pc=0x0000022e7143f9f4 method=java.util.jar.JarFile.checkForSpecialAttributes()V @ 4 c2
Event: 1.798 Thread 0x0000022e5e5a0800 Uncommon trap: reason=class_check action=maybe_recompile pc=0x0000022e7143aac0 method=java.util.HashMap.putVal(ILjava/lang/Object;Ljava/lang/Object;ZZ)Ljava/lang/Object; @ 253 c2

Classes redefined (0 events):
No events

Internal exceptions (10 events):
Event: 1.307 Thread 0x0000022e5e5a0800 Exception <a 'java/io/FileNotFoundException'{0x0000000088c455e0}> (0x0000000088c455e0) thrown at [t:/workspace/open/src/hotspot/share/prims/jni.cpp, line 611]
Event: 1.373 Thread 0x0000022e5e5a0800 Exception <a 'java/lang/NoSuchMethodError'{0x0000000088902218}: java.lang.invoke.DirectMethodHandle$Holder.invokeStatic(Ljava/lang/Object;Ljava/lang/Object;Ljava/lang/Object;)I> (0x0000000088902218) thrown at [t:/workspace/open/src/hotspot/share/interpret
Event: 1.413 Thread 0x0000022e5e5a0800 Exception <a 'java/lang/NoSuchMethodError'{0x0000000088781310}: java.lang.invoke.DirectMethodHandle$Holder.invokeStaticInit(Ljava/lang/Object;Ljava/lang/Object;)I> (0x0000000088781310) thrown at [t:/workspace/open/src/hotspot/share/interpreter/linkResolve
Event: 1.504 Thread 0x0000022e5e5a0800 Exception <a 'java/lang/NoSuchMethodError'{0x0000000089b51798}: org.slf4j.impl.StaticMDCBinder.getSingleton()Lorg/slf4j/impl/StaticMDCBinder;> (0x0000000089b51798) thrown at [t:/workspace/open/src/hotspot/share/interpreter/linkResolver.cpp, line 741]
Event: 1.525 Thread 0x0000022e5e5a0800 Exception <a 'java/lang/NoSuchMethodError'{0x0000000089a0bb70}: java.lang.Object.lambda$union$2(Ljava/util/regex/Pattern$CharPredicate;I)Z> (0x0000000089a0bb70) thrown at [t:/workspace/open/src/hotspot/share/interpreter/linkResolver.cpp, line 741]
Event: 1.561 Thread 0x0000022e5e5a0800 Exception <a 'java/lang/NoSuchMethodError'{0x00000000898aeed0}: java.lang.invoke.DirectMethodHandle$Holder.invokeInterface(Ljava/lang/Object;Ljava/lang/Object;)Ljava/lang/Object;> (0x00000000898aeed0) thrown at [t:/workspace/open/src/hotspot/share/interpr
Event: 1.662 Thread 0x0000022e5e5a0800 Exception <a 'java/lang/NoSuchMethodError'{0x00000000891630a8}: java.lang.Object.lambda$negate$3(I)Z> (0x00000000891630a8) thrown at [t:/workspace/open/src/hotspot/share/interpreter/linkResolver.cpp, line 741]
Event: 1.704 Thread 0x0000022e5e5a0800 Exception <a 'java/lang/NoClassDefFoundError'{0x0000000088e9b980}: org/springframework/transaction/interceptor/TransactionAttributeSource> (0x0000000088e9b980) thrown at [t:/workspace/open/src/hotspot/share/classfile/systemDictionary.cpp, line 222]
Event: 1.705 Thread 0x0000022e5e5a0800 Exception <a 'java/lang/NoClassDefFoundError'{0x0000000088eadfb8}: org/springframework/transaction/interceptor/TransactionAttribute> (0x0000000088eadfb8) thrown at [t:/workspace/open/src/hotspot/share/classfile/systemDictionary.cpp, line 222]
Event: 1.710 Thread 0x0000022e5e5a0800 Exception <a 'java/lang/NoSuchMethodError'{0x0000000088ef4348}: java.lang.Object.lambda$union$3(Ljava/util/regex/Pattern$CharPredicate;I)Z> (0x0000000088ef4348) thrown at [t:/workspace/open/src/hotspot/share/interpreter/linkResolver.cpp, line 741]

Events (10 events):
Event: 1.944 loading class net/bytebuddy/description/ByteCodeElement$Token$TokenList
Event: 1.944 loading class net/bytebuddy/description/ByteCodeElement$Token$TokenList done
Event: 1.945 loading class net/bytebuddy/description/annotation/AnnotationList$Explicit
Event: 1.945 loading class net/bytebuddy/description/annotation/AnnotationList$Explicit done
Event: 1.945 loading class net/bytebuddy/description/annotation/AnnotationList$AbstractBase
Event: 1.945 loading class net/bytebuddy/description/annotation/AnnotationList$AbstractBase done
Event: 1.946 loading class net/bytebuddy/description/annotation/AnnotationDescription
Event: 1.946 loading class net/bytebuddy/description/annotation/AnnotationDescription done
Event: 1.947 loading class net/bytebuddy/implementation/MethodCall
Event: 1.947 loading class net/bytebuddy/implementation/MethodCall done


Dynamic libraries:
0x00007ff603620000 - 0x00007ff60365e000 	C:\Program Files\Java\jdk-10.0.2\bin\javaw.exe
0x00007ffbc3bd0000 - 0x00007ffbc3dbd000 	C:\WINDOWS\SYSTEM32\ntdll.dll
0x00007ffbc3000000 - 0x00007ffbc30b3000 	C:\WINDOWS\System32\KERNEL32.DLL
0x00007ffbc0590000 - 0x00007ffbc0823000 	C:\WINDOWS\System32\KERNELBASE.dll
0x00007ffbc1130000 - 0x00007ffbc11d3000 	C:\WINDOWS\System32\ADVAPI32.dll
0x00007ffbc3570000 - 0x00007ffbc360e000 	C:\WINDOWS\System32\msvcrt.dll
0x00007ffbc0e10000 - 0x00007ffbc0eae000 	C:\WINDOWS\System32\sechost.dll
0x00007ffbc3440000 - 0x00007ffbc3562000 	C:\WINDOWS\System32\RPCRT4.dll
0x00007ffbc0f60000 - 0x00007ffbc10f7000 	C:\WINDOWS\System32\USER32.dll
0x00007ffbc0570000 - 0x00007ffbc0590000 	C:\WINDOWS\System32\win32u.dll
0x00007ffbc2a00000 - 0x00007ffbc2a29000 	C:\WINDOWS\System32\GDI32.dll
0x00007ffbc0b10000 - 0x00007ffbc0caa000 	C:\WINDOWS\System32\gdi32full.dll
0x00007ffbc0a70000 - 0x00007ffbc0b10000 	C:\WINDOWS\System32\msvcp_win.dll
0x00007ffbc0cd0000 - 0x00007ffbc0dca000 	C:\WINDOWS\System32\ucrtbase.dll
0x00007ffbb0e40000 - 0x00007ffbb10b9000 	C:\WINDOWS\WinSxS\amd64_microsoft.windows.common-controls_6595b64144ccf1df_6.0.17763.379_none_05b83be8071c94a1\COMCTL32.dll
0x00007ffbbee10000 - 0x00007ffbbee1a000 	C:\WINDOWS\SYSTEM32\VERSION.dll
0x00007ffbc2ba0000 - 0x00007ffbc2ecd000 	C:\WINDOWS\System32\combase.dll
0x00007ffbc04f0000 - 0x00007ffbc056e000 	C:\WINDOWS\System32\bcryptPrimitives.dll
0x00007ffbc1100000 - 0x00007ffbc112e000 	C:\WINDOWS\System32\IMM32.DLL
0x00007ffbb32e0000 - 0x00007ffbb33cf000 	C:\Program Files\Java\jdk-10.0.2\bin\msvcr120.dll
0x00007ffbabdc0000 - 0x00007ffbabe66000 	C:\Program Files\Java\jdk-10.0.2\bin\msvcp120.dll
0x0000000055410000 - 0x0000000055e80000 	C:\Program Files\Java\jdk-10.0.2\bin\server\jvm.dll
0x00007ffbc0e00000 - 0x00007ffbc0e08000 	C:\WINDOWS\System32\PSAPI.DLL
0x00007ffbb9620000 - 0x00007ffbb9644000 	C:\WINDOWS\SYSTEM32\WINMM.dll
0x00007ffbaa120000 - 0x00007ffbaa129000 	C:\WINDOWS\SYSTEM32\WSOCK32.dll
0x00007ffbc3350000 - 0x00007ffbc33bd000 	C:\WINDOWS\System32\WS2_32.dll
0x00007ffbb9500000 - 0x00007ffbb952d000 	C:\WINDOWS\SYSTEM32\winmmbase.dll
0x00007ffbc04a0000 - 0x00007ffbc04ea000 	C:\WINDOWS\System32\cfgmgr32.dll
0x00007ffbbda30000 - 0x00007ffbbda3f000 	C:\Program Files\Java\jdk-10.0.2\bin\verify.dll
0x00007ffbbe4e0000 - 0x00007ffbbe6cd000 	C:\WINDOWS\SYSTEM32\DBGHELP.DLL
0x00007ffbb7ea0000 - 0x00007ffbb7eca000 	C:\WINDOWS\SYSTEM32\dbgcore.DLL
0x00007ffbbce40000 - 0x00007ffbbce67000 	C:\Program Files\Java\jdk-10.0.2\bin\java.dll
0x00007ffbb32a0000 - 0x00007ffbb32d6000 	C:\Program Files\Java\jdk-10.0.2\bin\jdwp.dll
0x00007ffbb1630000 - 0x00007ffbb165a000 	C:\Program Files\Java\jdk-10.0.2\bin\instrument.dll
0x00007ffbbcbb0000 - 0x00007ffbbcbc6000 	C:\Program Files\Java\jdk-10.0.2\bin\zip.dll
0x00007ffbbcd30000 - 0x00007ffbbcd3a000 	C:\Program Files\Java\jdk-10.0.2\bin\jimage.dll
0x00007ffbc14e0000 - 0x00007ffbc29d0000 	C:\WINDOWS\System32\SHELL32.dll
0x00007ffbc0eb0000 - 0x00007ffbc0f58000 	C:\WINDOWS\System32\shcore.dll
0x00007ffbbfca0000 - 0x00007ffbc03ea000 	C:\WINDOWS\System32\windows.storage.dll
0x00007ffbbfc50000 - 0x00007ffbbfc74000 	C:\WINDOWS\System32\profapi.dll
0x00007ffbbfbd0000 - 0x00007ffbbfc2d000 	C:\WINDOWS\System32\powrprof.dll
0x00007ffbc2ed0000 - 0x00007ffbc2f22000 	C:\WINDOWS\System32\shlwapi.dll
0x00007ffbbfc80000 - 0x00007ffbbfc91000 	C:\WINDOWS\System32\kernel.appcore.dll
0x00007ffbc0cb0000 - 0x00007ffbc0cc7000 	C:\WINDOWS\System32\cryptsp.dll
0x00007ffbbcb20000 - 0x00007ffbbcb2a000 	C:\Program Files\Java\jdk-10.0.2\bin\dt_socket.dll
0x00007ffbbf450000 - 0x00007ffbbf4b7000 	C:\WINDOWS\System32\mswsock.dll
0x00007ffbbf1f0000 - 0x00007ffbbf2b6000 	C:\WINDOWS\SYSTEM32\DNSAPI.dll
0x00007ffbc29f0000 - 0x00007ffbc29f8000 	C:\WINDOWS\System32\NSI.dll
0x00007ffbbf1b0000 - 0x00007ffbbf1ed000 	C:\WINDOWS\SYSTEM32\IPHLPAPI.DLL
0x00007ffbafb90000 - 0x00007ffbafc09000 	C:\WINDOWS\System32\fwpuclnt.dll
0x00007ffbc0dd0000 - 0x00007ffbc0df6000 	C:\WINDOWS\System32\bcrypt.dll
0x00007ffbb6f30000 - 0x00007ffbb6f3a000 	C:\Windows\System32\rasadhlp.dll
0x00007ffbbb780000 - 0x00007ffbbb79a000 	C:\Program Files\Java\jdk-10.0.2\bin\net.dll
0x00007ffbbcfe0000 - 0x00007ffbbd0d1000 	C:\WINDOWS\SYSTEM32\WINHTTP.dll
0x00007ffbb6450000 - 0x00007ffbb6461000 	C:\Program Files\Java\jdk-10.0.2\bin\nio.dll

dbghelp: loaded successfully - version: 4.0.5 - missing functions: none
symbol engine: initialized successfully - sym options: 0x614 - pdb path: .;C:\Program Files\Java\jdk-10.0.2\bin;C:\WINDOWS\SYSTEM32;C:\WINDOWS\WinSxS\amd64_microsoft.windows.common-controls_6595b64144ccf1df_6.0.17763.379_none_05b83be8071c94a1;C:\Program Files\Java\jdk-10.0.2\bin\server

VM Arguments:
jvm_args: -agentlib:jdwp=transport=dt_socket,suspend=y,address=localhost:65064 -ea -javaagent:C:\Users\Cassiano\Downloads\spring-tool-suite-3.9.5.RELEASE-e4.8.0-win32-x86_64\sts-bundle\sts-3.9.5.RELEASE\configuration\org.eclipse.osgi\316\0\.cp\lib\javaagent-shaded.jar -Dfile.encoding=UTF-8 
java_command: org.eclipse.jdt.internal.junit.runner.RemoteTestRunner -version 3 -port 65063 -testLoaderClass org.eclipse.jdt.internal.junit4.runner.JUnit4TestLoader -loaderpluginname org.eclipse.jdt.junit4.runtime -classNames br.com.castgroup.diff.unit.DiffControllerTest
java_class_path (initial): C:\Users\Cassiano\Desktop\diff\target\test-classes;C:\Users\Cassiano\Desktop\diff\target\classes;C:\Users\Cassiano\.m2\repository\org\springframework\boot\spring-boot-starter-web\2.1.3.RELEASE\spring-boot-starter-web-2.1.3.RELEASE.jar;C:\Users\Cassiano\.m2\repository\org\springframework\boot\spring-boot-starter\2.1.3.RELEASE\spring-boot-starter-2.1.3.RELEASE.jar;C:\Users\Cassiano\.m2\repository\org\springframework\boot\spring-boot-starter-logging\2.1.3.RELEASE\spring-boot-starter-logging-2.1.3.RELEASE.jar;C:\Users\Cassiano\.m2\repository\ch\qos\logback\logback-classic\1.2.3\logback-classic-1.2.3.jar;C:\Users\Cassiano\.m2\repository\ch\qos\logback\logback-core\1.2.3\logback-core-1.2.3.jar;C:\Users\Cassiano\.m2\repository\org\apache\logging\log4j\log4j-to-slf4j\2.11.2\log4j-to-slf4j-2.11.2.jar;C:\Users\Cassiano\.m2\repository\org\apache\logging\log4j\log4j-api\2.11.2\log4j-api-2.11.2.jar;C:\Users\Cassiano\.m2\repository\org\slf4j\jul-to-slf4j\1.7.25\jul-to-slf4j-1.7.25.jar;C:\Users\Cassiano\.m2\repository\javax\annotation\javax.annotation-api\1.3.2\javax.annotation-api-1.3.2.jar;C:\Users\Cassiano\.m2\repository\org\yaml\snakeyaml\1.23\snakeyaml-1.23.jar;C:\Users\Cassiano\.m2\repository\org\springframework\boot\spring-boot-starter-json\2.1.3.RELEASE\spring-boot-starter-json-2.1.3.RELEASE.jar;C:\Users\Cassiano\.m2\repository\com\fasterxml\jackson\core\jackson-databind\2.9.8\jackson-databind-2.9.8.jar;C:\Users\Cassiano\.m2\repository\com\fasterxml\jackson\core\jackson-annotations\2.9.0\jackson-annotations-2.9.0.jar;C:\Users\Cassiano\.m2\repository\com\fasterxml\jackson\core\jackson-core\2.9.8\jackson-core-2.9.8.jar;C:\Users\Cassiano\.m2\repository\com\fasterxml\jackson\datatype\jackson-datatype-jdk8\2.9.8\jackson-datatype-jdk8-2.9.8.jar;C:\Users\Cassiano\.m2\repository\com\fasterxml\jackson\datatype\jackson-datatype-jsr310\2.9.8\jackson-datatype-jsr310-2.9.8.jar;C:\Users\Cassiano\.m2\repository\com\fasterxml\jackson\module\jackson-module-para
Launcher Type: SUN_STANDARD

Logging:
Log output configuration:
#0: stdout all=warning uptime,level,tags
#1: stderr all=off uptime,level,tags

Environment Variables:
JAVA_HOME=C:\Program Files\Java\jdk-10.0.2\bin
PATH=C:/Program Files/Java/jre1.8.0_181/bin/server;C:/Program Files/Java/jre1.8.0_181/bin;C:/Program Files/Java/jre1.8.0_181/lib/amd64;C:\Program Files (x86)\Common Files\Oracle\Java\javapath;C:\WINDOWS\system32;C:\WINDOWS;C:\WINDOWS\System32\Wbem;C:\WINDOWS\System32\WindowsPowerShell\v1.0\;C:\WINDOWS\System32\OpenSSH\;C:\Program Files\Git\cmd;C:\Program Files\nodejs\;C:\Program Files (x86)\Intel\Intel(R) Management Engine Components\DAL;C:\Program Files\Intel\Intel(R) Management Engine Components\DAL;C:\Program Files\Java\jdk-10.0.2\bin;C:\Users\Cassiano\AppData\Local\Microsoft\WindowsApps;C:\Users\Cassiano\AppData\Roaming\npm;C:\Users\Cassiano\AppData\Local\Programs\Microsoft VS Code\bin;;C:\Users\Cassiano\Downloads\spring-tool-suite-3.9.5.RELEASE-e4.8.0-win32-x86_64\sts-bundle\sts-3.9.5.RELEASE;
USERNAME=Cassiano
OS=Windows_NT
PROCESSOR_IDENTIFIER=Intel64 Family 6 Model 142 Stepping 10, GenuineIntel



---------------  S Y S T E M  ---------------

OS: Windows 10 , 64 bit Build 17763 (10.0.17763.379)

CPU:total 8 (initial active 8) (4 cores per cpu, 2 threads per core) family 6 model 142 stepping 10, cmov, cx8, fxsr, mmx, sse, sse2, sse3, ssse3, sse4.1, sse4.2, popcnt, avx, avx2, aes, clmul, erms, 3dnowpref, lzcnt, ht, tsc, tscinvbit, bmi1, bmi2, adx, fma

Memory: 4k page, physical 8250416k(1024676k free), swap 8250416k(5992k free)

vm_info: Java HotSpot(TM) 64-Bit Server VM (10.0.2+13) for windows-amd64 JRE (10.0.2+13), built on Jun 28 2018 01:57:56 by "mach5one" with MS VC++ 12.0 (VS2013)

END.
